127.0.0.1 - - [12/Jun/2019:11:47:23 -0300] "GET / HTTP/1.1" 500 185 "-" "Mozilla/5.0 (X11; Linux x86_64) AppleWebKit/537.36 (KHTML, like Gecko) Chrome/75.0.3770.80 Safari/537.36"
127.0.0.1 - - [12/Jun/2019:11:48:14 -0300] "-" 408 0 "-" "-"
127.0.0.1 - - [12/Jun/2019:11:48:14 -0300] "-" 408 0 "-" "-"
::1 - - [12/Jun/2019:11:49:02 -0300] "GET / HTTP/1.1" 500 185 "-" "Mozilla/5.0 (X11; Linux x86_64) AppleWebKit/537.36 (KHTML, like Gecko) Chrome/75.0.3770.80 Safari/537.36"
::1 - - [12/Jun/2019:11:49:54 -0300] "-" 408 0 "-" "-"
::1 - - [12/Jun/2019:11:49:54 -0300] "-" 408 0 "-" "-"
::1 - - [12/Jun/2019:11:51:14 -0300] "GET / HTTP/1.1" 500 185 "-" "Mozilla/5.0 (X11; Linux x86_64) AppleWebKit/537.36 (KHTML, like Gecko) Chrome/75.0.3770.80 Safari/537.36"
::1 - - [12/Jun/2019:11:52:03 -0300] "GET / HTTP/1.1" 500 185 "-" "Mozilla/5.0 (X11; Linux x86_64) AppleWebKit/537.36 (KHTML, like Gecko) Chrome/75.0.3770.80 Safari/537.36"
::1 - - [12/Jun/2019:11:52:13 -0300] "GET / HTTP/1.1" 500 185 "-" "Mozilla/5.0 (X11; Linux x86_64) AppleWebKit/537.36 (KHTML, like Gecko) Chrome/75.0.3770.80 Safari/537.36"
::1 - - [12/Jun/2019:11:52:34 -0300] "GET / HTTP/1.1" 500 185 "-" "Mozilla/5.0 (X11; Linux x86_64) AppleWebKit/537.36 (KHTML, like Gecko) Chrome/75.0.3770.80 Safari/537.36"
::1 - - [12/Jun/2019:11:54:44 -0300] "GET / HTTP/1.1" 500 185 "-" "Mozilla/5.0 (X11; Linux x86_64) AppleWebKit/537.36 (KHTML, like Gecko) Chrome/75.0.3770.80 Safari/537.36"
::1 - - [12/Jun/2019:12:00:17 -0300] "GET / HTTP/1.1" 500 185 "-" "Mozilla/5.0 (X11; Linux x86_64) AppleWebKit/537.36 (KHTML, like Gecko) Chrome/75.0.3770.80 Safari/537.36"
::1 - - [12/Jun/2019:12:01:09 -0300] "-" 408 0 "-" "-"
::1 - - [12/Jun/2019:12:01:09 -0300] "-" 408 0 "-" "-"
::1 - - [12/Jun/2019:12:01:21 -0300] "GET / HTTP/1.1" 500 185 "-" "Mozilla/5.0 (X11; Linux x86_64) AppleWebKit/537.36 (KHTML, like Gecko) Chrome/75.0.3770.80 Safari/537.36"
::1 - - [12/Jun/2019:12:01:42 -0300] "GET / HTTP/1.1" 200 203 "-" "Mozilla/5.0 (X11; Linux x86_64) AppleWebKit/537.36 (KHTML, like Gecko) Chrome/75.0.3770.80 Safari/537.36"
::1 - - [12/Jun/2019:12:01:42 -0300] "GET /favicon.ico HTTP/1.1" 404 500 "http://localhost/" "Mozilla/5.0 (X11; Linux x86_64) AppleWebKit/537.36 (KHTML, like Gecko) Chrome/75.0.3770.80 Safari/537.36"
::1 - - [12/Jun/2019:12:04:25 -0300] "GET / HTTP/1.1" 500 185 "-" "Mozilla/5.0 (X11; Linux x86_64) AppleWebKit/537.36 (KHTML, like Gecko) Chrome/75.0.3770.80 Safari/537.36"
::1 - - [12/Jun/2019:12:04:50 -0300] "GET / HTTP/1.1" 500 185 "-" "Mozilla/5.0 (X11; Linux x86_64) AppleWebKit/537.36 (KHTML, like Gecko) Chrome/75.0.3770.80 Safari/537.36"
::1 - - [12/Jun/2019:12:05:19 -0300] "GET / HTTP/1.1" 500 185 "-" "Mozilla/5.0 (X11; Linux x86_64) AppleWebKit/537.36 (KHTML, like Gecko) Chrome/75.0.3770.80 Safari/537.36"
::1 - - [12/Jun/2019:12:06:10 -0300] "-" 408 0 "-" "-"
::1 - - [12/Jun/2019:12:06:10 -0300] "-" 408 0 "-" "-"
::1 - - [12/Jun/2019:12:07:16 -0300] "GET / HTTP/1.1" 500 185 "-" "Mozilla/5.0 (X11; Linux x86_64) AppleWebKit/537.36 (KHTML, like Gecko) Chrome/75.0.3770.80 Safari/537.36"
::1 - - [12/Jun/2019:12:07:45 -0300] "GET / HTTP/1.1" 500 185 "-" "Mozilla/5.0 (X11; Linux x86_64) AppleWebKit/537.36 (KHTML, like Gecko) Chrome/75.0.3770.80 Safari/537.36"
::1 - - [12/Jun/2019:12:07:55 -0300] "GET / HTTP/1.1" 500 185 "-" "Mozilla/5.0 (X11; Linux x86_64) AppleWebKit/537.36 (KHTML, like Gecko) Chrome/75.0.3770.80 Safari/537.36"
::1 - - [12/Jun/2019:12:09:03 -0300] "GET / HTTP/1.1" 500 185 "-" "Mozilla/5.0 (X11; Linux x86_64) AppleWebKit/537.36 (KHTML, like Gecko) Chrome/75.0.3770.80 Safari/537.36"
::1 - - [12/Jun/2019:12:09:15 -0300] "GET / HTTP/1.1" 500 185 "-" "Mozilla/5.0 (X11; Linux x86_64) AppleWebKit/537.36 (KHTML, like Gecko) Chrome/75.0.3770.80 Safari/537.36"
::1 - - [12/Jun/2019:12:09:55 -0300] "GET / HTTP/1.1" 500 185 "-" "Mozilla/5.0 (X11; Linux x86_64) AppleWebKit/537.36 (KHTML, like Gecko) Chrome/75.0.3770.80 Safari/537.36"
::1 - - [12/Jun/2019:12:10:21 -0300] "GET / HTTP/1.1" 500 185 "-" "Mozilla/5.0 (X11; Linux x86_64) AppleWebKit/537.36 (KHTML, like Gecko) Chrome/75.0.3770.80 Safari/537.36"
::1 - - [12/Jun/2019:12:10:28 -0300] "GET / HTTP/1.1" 500 185 "-" "Mozilla/5.0 (X11; Linux x86_64) AppleWebKit/537.36 (KHTML, like Gecko) Chrome/75.0.3770.80 Safari/537.36"
::1 - - [12/Jun/2019:12:10:36 -0300] "GET / HTTP/1.1" 500 185 "-" "Mozilla/5.0 (X11; Linux x86_64) AppleWebKit/537.36 (KHTML, like Gecko) Chrome/75.0.3770.80 Safari/537.36"
::1 - - [12/Jun/2019:12:23:29 -0300] "GET / HTTP/1.1" 500 185 "-" "Mozilla/5.0 (X11; Linux x86_64) AppleWebKit/537.36 (KHTML, like Gecko) Chrome/75.0.3770.80 Safari/537.36"
::1 - - [12/Jun/2019:12:24:05 -0300] "GET / HTTP/1.1" 500 185 "-" "Mozilla/5.0 (X11; Linux x86_64) AppleWebKit/537.36 (KHTML, like Gecko) Chrome/75.0.3770.80 Safari/537.36"
::1 - - [12/Jun/2019:12:24:57 -0300] "-" 408 0 "-" "-"
::1 - - [12/Jun/2019:12:24:57 -0300] "-" 408 0 "-" "-"
::1 - - [12/Jun/2019:12:25:28 -0300] "GET / HTTP/1.1" 500 185 "-" "Mozilla/5.0 (X11; Linux x86_64) AppleWebKit/537.36 (KHTML, like Gecko) Chrome/75.0.3770.80 Safari/537.36"
::1 - - [12/Jun/2019:12:25:43 -0300] "GET / HTTP/1.1" 200 203 "-" "Mozilla/5.0 (X11; Linux x86_64) AppleWebKit/537.36 (KHTML, like Gecko) Chrome/75.0.3770.80 Safari/537.36"
::1 - - [12/Jun/2019:12:26:09 -0300] "GET / HTTP/1.1" 200 203 "-" "Mozilla/5.0 (X11; Linux x86_64) AppleWebKit/537.36 (KHTML, like Gecko) Chrome/75.0.3770.80 Safari/537.36"
::1 - - [12/Jun/2019:12:26:35 -0300] "GET / HTTP/1.1" 200 223 "-" "Mozilla/5.0 (X11; Linux x86_64) AppleWebKit/537.36 (KHTML, like Gecko) Chrome/75.0.3770.80 Safari/537.36"
::1 - - [12/Jun/2019:12:27:27 -0300] "-" 408 0 "-" "-"
::1 - - [12/Jun/2019:12:28:15 -0300] "GET / HTTP/1.1" 500 185 "-" "Mozilla/5.0 (X11; Linux x86_64) AppleWebKit/537.36 (KHTML, like Gecko) Chrome/75.0.3770.80 Safari/537.36"
::1 - - [12/Jun/2019:12:28:30 -0300] "GET / HTTP/1.1" 200 203 "-" "Mozilla/5.0 (X11; Linux x86_64) AppleWebKit/537.36 (KHTML, like Gecko) Chrome/75.0.3770.80 Safari/537.36"
::1 - - [12/Jun/2019:12:28:47 -0300] "GET / HTTP/1.1" 200 203 "-" "Mozilla/5.0 (X11; Linux x86_64) AppleWebKit/537.36 (KHTML, like Gecko) Chrome/75.0.3770.80 Safari/537.36"
::1 - - [12/Jun/2019:12:29:03 -0300] "GET / HTTP/1.1" 200 223 "-" "Mozilla/5.0 (X11; Linux x86_64) AppleWebKit/537.36 (KHTML, like Gecko) Chrome/75.0.3770.80 Safari/537.36"
::1 - - [12/Jun/2019:12:29:10 -0300] "GET / HTTP/1.1" 200 366 "-" "Mozilla/5.0 (X11; Linux x86_64) AppleWebKit/537.36 (KHTML, like Gecko) Chrome/75.0.3770.80 Safari/537.36"
::1 - - [12/Jun/2019:12:29:49 -0300] "GET / HTTP/1.1" 200 503 "-" "Mozilla/5.0 (X11; Linux x86_64) AppleWebKit/537.36 (KHTML, like Gecko) Chrome/75.0.3770.80 Safari/537.36"
::1 - - [12/Jun/2019:12:30:40 -0300] "-" 408 0 "-" "-"
::1 - - [12/Jun/2019:12:33:09 -0300] "GET / HTTP/1.1" 500 294 "-" "Mozilla/5.0 (X11; Linux x86_64) AppleWebKit/537.36 (KHTML, like Gecko) Chrome/75.0.3770.80 Safari/537.36"
::1 - - [12/Jun/2019:12:33:21 -0300] "GET / HTTP/1.1" 500 294 "-" "Mozilla/5.0 (X11; Linux x86_64) AppleWebKit/537.36 (KHTML, like Gecko) Chrome/75.0.3770.80 Safari/537.36"
::1 - - [12/Jun/2019:12:34:13 -0300] "-" 408 0 "-" "-"
::1 - - [12/Jun/2019:12:34:34 -0300] "GET / HTTP/1.1" 500 313 "-" "Mozilla/5.0 (X11; Linux x86_64) AppleWebKit/537.36 (KHTML, like Gecko) Chrome/75.0.3770.80 Safari/537.36"
::1 - - [12/Jun/2019:12:34:46 -0300] "GET / HTTP/1.1" 500 313 "-" "Mozilla/5.0 (X11; Linux x86_64) AppleWebKit/537.36 (KHTML, like Gecko) Chrome/75.0.3770.80 Safari/537.36"
::1 - - [12/Jun/2019:12:35:38 -0300] "-" 408 0 "-" "-"
::1 - - [12/Jun/2019:12:37:20 -0300] "GET / HTTP/1.1" 500 294 "-" "Mozilla/5.0 (X11; Linux x86_64) AppleWebKit/537.36 (KHTML, like Gecko) Chrome/75.0.3770.80 Safari/537.36"
::1 - - [12/Jun/2019:12:37:36 -0300] "GET / HTTP/1.1" 500 294 "-" "Mozilla/5.0 (X11; Linux x86_64) AppleWebKit/537.36 (KHTML, like Gecko) Chrome/75.0.3770.80 Safari/537.36"
::1 - - [12/Jun/2019:12:37:53 -0300] "GET / HTTP/1.1" 200 1872 "-" "Mozilla/5.0 (X11; Linux x86_64) AppleWebKit/537.36 (KHTML, like Gecko) Chrome/75.0.3770.80 Safari/537.36"
::1 - - [12/Jun/2019:12:38:29 -0300] "GET / HTTP/1.1" 500 185 "-" "Mozilla/5.0 (X11; Linux x86_64) AppleWebKit/537.36 (KHTML, like Gecko) Chrome/75.0.3770.80 Safari/537.36"
::1 - - [12/Jun/2019:12:38:58 -0300] "GET / HTTP/1.1" 500 185 "-" "Mozilla/5.0 (X11; Linux x86_64) AppleWebKit/537.36 (KHTML, like Gecko) Chrome/75.0.3770.80 Safari/537.36"
::1 - - [12/Jun/2019:12:39:03 -0300] "GET / HTTP/1.1" 500 185 "-" "Mozilla/5.0 (X11; Linux x86_64) AppleWebKit/537.36 (KHTML, like Gecko) Chrome/75.0.3770.80 Safari/537.36"
::1 - - [12/Jun/2019:12:39:24 -0300] "GET / HTTP/1.1" 500 185 "-" "Mozilla/5.0 (X11; Linux x86_64) AppleWebKit/537.36 (KHTML, like Gecko) Chrome/75.0.3770.80 Safari/537.36"
::1 - - [12/Jun/2019:12:39:47 -0300] "GET / HTTP/1.1" 500 185 "-" "Mozilla/5.0 (X11; Linux x86_64) AppleWebKit/537.36 (KHTML, like Gecko) Chrome/75.0.3770.80 Safari/537.36"
::1 - - [12/Jun/2019:12:40:08 -0300] "GET / HTTP/1.1" 500 185 "-" "Mozilla/5.0 (X11; Linux x86_64) AppleWebKit/537.36 (KHTML, like Gecko) Chrome/75.0.3770.80 Safari/537.36"
::1 - - [12/Jun/2019:12:46:41 -0300] "GET / HTTP/1.1" 500 240 "-" "Mozilla/5.0 (X11; Linux x86_64) AppleWebKit/537.36 (KHTML, like Gecko) Chrome/75.0.3770.80 Safari/537.36"
::1 - - [12/Jun/2019:12:47:32 -0300] "-" 408 0 "-" "-"
::1 - - [12/Jun/2019:12:47:55 -0300] "GET / HTTP/1.1" 500 199 "-" "Mozilla/5.0 (X11; Linux x86_64) AppleWebKit/537.36 (KHTML, like Gecko) Chrome/75.0.3770.80 Safari/537.36"
::1 - - [12/Jun/2019:12:48:46 -0300] "-" 408 0 "-" "-"
::1 - - [12/Jun/2019:12:49:09 -0300] "GET / HTTP/1.1" 500 199 "-" "Mozilla/5.0 (X11; Linux x86_64) AppleWebKit/537.36 (KHTML, like Gecko) Chrome/75.0.3770.80 Safari/537.36"
::1 - - [12/Jun/2019:12:49:11 -0300] "GET / HTTP/1.1" 500 199 "-" "Mozilla/5.0 (X11; Linux x86_64) AppleWebKit/537.36 (KHTML, like Gecko) Chrome/75.0.3770.80 Safari/537.36"
::1 - - [12/Jun/2019:12:49:21 -0300] "GET / HTTP/1.1" 500 199 "-" "Mozilla/5.0 (X11; Linux x86_64) AppleWebKit/537.36 (KHTML, like Gecko) Chrome/75.0.3770.80 Safari/537.36"
::1 - - [12/Jun/2019:12:49:43 -0300] "GET / HTTP/1.1" 500 199 "-" "Mozilla/5.0 (X11; Linux x86_64) AppleWebKit/537.36 (KHTML, like Gecko) Chrome/75.0.3770.80 Safari/537.36"
::1 - - [12/Jun/2019:12:50:35 -0300] "-" 408 0 "-" "-"
::1 - - [12/Jun/2019:12:50:50 -0300] "GET / HTTP/1.1" 500 199 "-" "Mozilla/5.0 (X11; Linux x86_64) AppleWebKit/537.36 (KHTML, like Gecko) Chrome/75.0.3770.80 Safari/537.36"
::1 - - [12/Jun/2019:12:50:52 -0300] "GET / HTTP/1.1" 500 199 "-" "Mozilla/5.0 (X11; Linux x86_64) AppleWebKit/537.36 (KHTML, like Gecko) Chrome/75.0.3770.80 Safari/537.36"
::1 - - [12/Jun/2019:12:50:53 -0300] "GET / HTTP/1.1" 500 199 "-" "Mozilla/5.0 (X11; Linux x86_64) AppleWebKit/537.36 (KHTML, like Gecko) Chrome/75.0.3770.80 Safari/537.36"
::1 - - [12/Jun/2019:12:50:54 -0300] "GET / HTTP/1.1" 500 199 "-" "Mozilla/5.0 (X11; Linux x86_64) AppleWebKit/537.36 (KHTML, like Gecko) Chrome/75.0.3770.80 Safari/537.36"
::1 - - [12/Jun/2019:12:50:54 -0300] "GET / HTTP/1.1" 500 199 "-" "Mozilla/5.0 (X11; Linux x86_64) AppleWebKit/537.36 (KHTML, like Gecko) Chrome/75.0.3770.80 Safari/537.36"
::1 - - [12/Jun/2019:12:50:55 -0300] "GET / HTTP/1.1" 500 199 "-" "Mozilla/5.0 (X11; Linux x86_64) AppleWebKit/537.36 (KHTML, like Gecko) Chrome/75.0.3770.80 Safari/537.36"
::1 - - [12/Jun/2019:12:50:55 -0300] "GET / HTTP/1.1" 500 199 "-" "Mozilla/5.0 (X11; Linux x86_64) AppleWebKit/537.36 (KHTML, like Gecko) Chrome/75.0.3770.80 Safari/537.36"
::1 - - [12/Jun/2019:12:51:22 -0300] "GET / HTTP/1.1" 500 199 "-" "Mozilla/5.0 (X11; Linux x86_64) AppleWebKit/537.36 (KHTML, like Gecko) Chrome/75.0.3770.80 Safari/537.36"
::1 - - [12/Jun/2019:12:51:32 -0300] "GET / HTTP/1.1" 500 199 "-" "Mozilla/5.0 (X11; Linux x86_64) AppleWebKit/537.36 (KHTML, like Gecko) Chrome/75.0.3770.80 Safari/537.36"
::1 - - [12/Jun/2019:12:51:40 -0300] "GET / HTTP/1.1" 200 217 "-" "Mozilla/5.0 (X11; Linux x86_64) AppleWebKit/537.36 (KHTML, like Gecko) Chrome/75.0.3770.80 Safari/537.36"
::1 - - [12/Jun/2019:12:52:14 -0300] "GET / HTTP/1.1" 200 217 "-" "Mozilla/5.0 (X11; Linux x86_64) AppleWebKit/537.36 (KHTML, like Gecko) Chrome/75.0.3770.80 Safari/537.36"
::1 - - [12/Jun/2019:12:52:25 -0300] "GET /api HTTP/1.1" 404 493 "-" "Mozilla/5.0 (X11; Linux x86_64) AppleWebKit/537.36 (KHTML, like Gecko) Chrome/75.0.3770.80 Safari/537.36"
::1 - - [12/Jun/2019:12:52:29 -0300] "GET /api/users HTTP/1.1" 404 498 "-" "Mozilla/5.0 (X11; Linux x86_64) AppleWebKit/537.36 (KHTML, like Gecko) Chrome/75.0.3770.80 Safari/537.36"
::1 - - [12/Jun/2019:12:53:17 -0300] "-" 408 0 "-" "-"
::1 - - [12/Jun/2019:12:53:29 -0300] "GET /api/users HTTP/1.1" 200 217 "-" "Mozilla/5.0 (X11; Linux x86_64) AppleWebKit/537.36 (KHTML, like Gecko) Chrome/75.0.3770.80 Safari/537.36"
::1 - - [12/Jun/2019:12:53:32 -0300] "GET /api/users HTTP/1.1" 200 216 "-" "Mozilla/5.0 (X11; Linux x86_64) AppleWebKit/537.36 (KHTML, like Gecko) Chrome/75.0.3770.80 Safari/537.36"
::1 - - [12/Jun/2019:12:53:32 -0300] "GET /api/users HTTP/1.1" 200 216 "-" "Mozilla/5.0 (X11; Linux x86_64) AppleWebKit/537.36 (KHTML, like Gecko) Chrome/75.0.3770.80 Safari/537.36"
::1 - - [12/Jun/2019:12:53:32 -0300] "GET /api/users HTTP/1.1" 200 216 "-" "Mozilla/5.0 (X11; Linux x86_64) AppleWebKit/537.36 (KHTML, like Gecko) Chrome/75.0.3770.80 Safari/537.36"
::1 - - [12/Jun/2019:12:53:43 -0300] "GET /api/users HTTP/1.1" 200 217 "-" "Mozilla/5.0 (X11; Linux x86_64) AppleWebKit/537.36 (KHTML, like Gecko) Chrome/75.0.3770.80 Safari/537.36"
::1 - - [12/Jun/2019:12:54:22 -0300] "GET /api/users HTTP/1.1" 500 185 "-" "Mozilla/5.0 (X11; Linux x86_64) AppleWebKit/537.36 (KHTML, like Gecko) Chrome/75.0.3770.80 Safari/537.36"
::1 - - [12/Jun/2019:12:54:27 -0300] "GET /api/users HTTP/1.1" 200 235 "-" "Mozilla/5.0 (X11; Linux x86_64) AppleWebKit/537.36 (KHTML, like Gecko) Chrome/75.0.3770.80 Safari/537.36"
::1 - - [12/Jun/2019:12:54:40 -0300] "GET /api/users HTTP/1.1" 200 601 "-" "Mozilla/5.0 (X11; Linux x86_64) AppleWebKit/537.36 (KHTML, like Gecko) Chrome/75.0.3770.80 Safari/537.36"
::1 - - [12/Jun/2019:12:55:04 -0300] "GET /api/users HTTP/1.1" 200 641 "-" "Mozilla/5.0 (X11; Linux x86_64) AppleWebKit/537.36 (KHTML, like Gecko) Chrome/75.0.3770.80 Safari/537.36"
::1 - - [12/Jun/2019:12:56:08 -0300] "GET /api/users HTTP/1.1" 200 600 "-" "Mozilla/5.0 (X11; Linux x86_64) AppleWebKit/537.36 (KHTML, like Gecko) Chrome/75.0.3770.80 Safari/537.36"
::1 - - [12/Jun/2019:12:56:14 -0300] "GET /api/users HTTP/1.1" 200 600 "-" "Mozilla/5.0 (X11; Linux x86_64) AppleWebKit/537.36 (KHTML, like Gecko) Chrome/75.0.3770.80 Safari/537.36"
::1 - - [12/Jun/2019:12:57:02 -0300] "GET /api/users HTTP/1.1" 200 217 "-" "Mozilla/5.0 (X11; Linux x86_64) AppleWebKit/537.36 (KHTML, like Gecko) Chrome/75.0.3770.80 Safari/537.36"
::1 - - [12/Jun/2019:12:57:09 -0300] "GET /api/users HTTP/1.1" 200 600 "-" "Mozilla/5.0 (X11; Linux x86_64) AppleWebKit/537.36 (KHTML, like Gecko) Chrome/75.0.3770.80 Safari/537.36"
::1 - - [12/Jun/2019:12:57:16 -0300] "GET /api/users HTTP/1.1" 200 601 "-" "Mozilla/5.0 (X11; Linux x86_64) AppleWebKit/537.36 (KHTML, like Gecko) Chrome/75.0.3770.80 Safari/537.36"
::1 - - [12/Jun/2019:12:57:25 -0300] "GET /api/users HTTP/1.1" 200 601 "-" "Mozilla/5.0 (X11; Linux x86_64) AppleWebKit/537.36 (KHTML, like Gecko) Chrome/75.0.3770.80 Safari/537.36"
::1 - - [12/Jun/2019:12:58:08 -0300] "GET /.testeapi/users HTTP/1.1" 200 601 "-" "Mozilla/5.0 (X11; Linux x86_64) AppleWebKit/537.36 (KHTML, like Gecko) Chrome/75.0.3770.80 Safari/537.36"
::1 - - [12/Jun/2019:12:58:17 -0300] "GET /.testeapi/users HTTP/1.1" 200 648 "-" "Mozilla/5.0 (X11; Linux x86_64) AppleWebKit/537.36 (KHTML, like Gecko) Chrome/75.0.3770.80 Safari/537.36"
::1 - - [12/Jun/2019:12:58:50 -0300] "GET /.testeapi/users HTTP/1.1" 200 627 "-" "Mozilla/5.0 (X11; Linux x86_64) AppleWebKit/537.36 (KHTML, like Gecko) Chrome/75.0.3770.80 Safari/537.36"
::1 - - [12/Jun/2019:12:59:02 -0300] "GET /.testeapi/users HTTP/1.1" 200 603 "-" "Mozilla/5.0 (X11; Linux x86_64) AppleWebKit/537.36 (KHTML, like Gecko) Chrome/75.0.3770.80 Safari/537.36"
::1 - - [12/Jun/2019:12:59:10 -0300] "GET /.testeapi/users HTTP/1.1" 200 603 "-" "Mozilla/5.0 (X11; Linux x86_64) AppleWebKit/537.36 (KHTML, like Gecko) Chrome/75.0.3770.80 Safari/537.36"
::1 - - [12/Jun/2019:12:59:15 -0300] "GET /api/users HTTP/1.1" 200 598 "-" "Mozilla/5.0 (X11; Linux x86_64) AppleWebKit/537.36 (KHTML, like Gecko) Chrome/75.0.3770.80 Safari/537.36"
::1 - - [12/Jun/2019:12:59:29 -0300] "GET /api/users HTTP/1.1" 200 617 "-" "Mozilla/5.0 (X11; Linux x86_64) AppleWebKit/537.36 (KHTML, like Gecko) Chrome/75.0.3770.80 Safari/537.36"
::1 - - [12/Jun/2019:12:59:49 -0300] "GET /api/users HTTP/1.1" 200 637 "-" "Mozilla/5.0 (X11; Linux x86_64) AppleWebKit/537.36 (KHTML, like Gecko) Chrome/75.0.3770.80 Safari/537.36"
::1 - - [12/Jun/2019:13:00:30 -0300] "GET /api/users HTTP/1.1" 200 637 "-" "Mozilla/5.0 (X11; Linux x86_64) AppleWebKit/537.36 (KHTML, like Gecko) Chrome/75.0.3770.80 Safari/537.36"
::1 - - [12/Jun/2019:13:00:42 -0300] "GET /api/users HTTP/1.1" 200 356 "-" "Mozilla/5.0 (X11; Linux x86_64) AppleWebKit/537.36 (KHTML, like Gecko) Chrome/75.0.3770.80 Safari/537.36"
::1 - - [12/Jun/2019:13:01:33 -0300] "-" 408 0 "-" "-"
::1 - - [12/Jun/2019:13:02:16 -0300] "GET /api/users HTTP/1.1" 200 356 "-" "Mozilla/5.0 (X11; Linux x86_64) AppleWebKit/537.36 (KHTML, like Gecko) Chrome/75.0.3770.80 Safari/537.36"
::1 - - [12/Jun/2019:13:02:23 -0300] "GET /api/users HTTP/1.1" 500 619 "-" "Mozilla/5.0 (X11; Linux x86_64) AppleWebKit/537.36 (KHTML, like Gecko) Chrome/75.0.3770.80 Safari/537.36"
::1 - - [12/Jun/2019:13:02:40 -0300] "GET /api/users HTTP/1.1" 500 453 "-" "Mozilla/5.0 (X11; Linux x86_64) AppleWebKit/537.36 (KHTML, like Gecko) Chrome/75.0.3770.80 Safari/537.36"
::1 - - [12/Jun/2019:13:03:05 -0300] "GET /api/users HTTP/1.1" 500 453 "-" "Mozilla/5.0 (X11; Linux x86_64) AppleWebKit/537.36 (KHTML, like Gecko) Chrome/75.0.3770.80 Safari/537.36"
::1 - - [12/Jun/2019:13:03:23 -0300] "GET /api/users HTTP/1.1" 500 453 "-" "Mozilla/5.0 (X11; Linux x86_64) AppleWebKit/537.36 (KHTML, like Gecko) Chrome/75.0.3770.80 Safari/537.36"
::1 - - [12/Jun/2019:13:03:42 -0300] "GET /api/users/2 HTTP/1.1" 500 456 "-" "Mozilla/5.0 (X11; Linux x86_64) AppleWebKit/537.36 (KHTML, like Gecko) Chrome/75.0.3770.80 Safari/537.36"
::1 - - [12/Jun/2019:13:03:59 -0300] "GET /api/users/2 HTTP/1.1" 500 581 "-" "Mozilla/5.0 (X11; Linux x86_64) AppleWebKit/537.36 (KHTML, like Gecko) Chrome/75.0.3770.80 Safari/537.36"
::1 - - [12/Jun/2019:13:04:45 -0300] "GET /api/users/2 HTTP/1.1" 500 456 "-" "Mozilla/5.0 (X11; Linux x86_64) AppleWebKit/537.36 (KHTML, like Gecko) Chrome/75.0.3770.80 Safari/537.36"
::1 - - [12/Jun/2019:13:05:02 -0300] "GET /api/users/2 HTTP/1.1" 500 528 "-" "Mozilla/5.0 (X11; Linux x86_64) AppleWebKit/537.36 (KHTML, like Gecko) Chrome/75.0.3770.80 Safari/537.36"
::1 - - [12/Jun/2019:13:05:15 -0300] "GET /api/users/2 HTTP/1.1" 500 493 "-" "Mozilla/5.0 (X11; Linux x86_64) AppleWebKit/537.36 (KHTML, like Gecko) Chrome/75.0.3770.80 Safari/537.36"
::1 - - [12/Jun/2019:13:05:24 -0300] "GET /api/users/2 HTTP/1.1" 200 438 "-" "Mozilla/5.0 (X11; Linux x86_64) AppleWebKit/537.36 (KHTML, like Gecko) Chrome/75.0.3770.80 Safari/537.36"
::1 - - [12/Jun/2019:13:05:32 -0300] "GET /api/users/2 HTTP/1.1" 200 428 "-" "Mozilla/5.0 (X11; Linux x86_64) AppleWebKit/537.36 (KHTML, like Gecko) Chrome/75.0.3770.80 Safari/537.36"
::1 - - [12/Jun/2019:13:06:24 -0300] "-" 408 0 "-" "-"
::1 - - [12/Jun/2019:13:06:27 -0300] "GET /api/users/2 HTTP/1.1" 500 185 "-" "Mozilla/5.0 (X11; Linux x86_64) AppleWebKit/537.36 (KHTML, like Gecko) Chrome/75.0.3770.80 Safari/537.36"
::1 - - [12/Jun/2019:13:06:32 -0300] "GET /api/users/2 HTTP/1.1" 500 456 "-" "Mozilla/5.0 (X11; Linux x86_64) AppleWebKit/537.36 (KHTML, like Gecko) Chrome/75.0.3770.80 Safari/537.36"
::1 - - [12/Jun/2019:13:07:14 -0300] "GET /api/users/2 HTTP/1.1" 200 428 "-" "Mozilla/5.0 (X11; Linux x86_64) AppleWebKit/537.36 (KHTML, like Gecko) Chrome/75.0.3770.80 Safari/537.36"
::1 - - [12/Jun/2019:13:07:16 -0300] "GET /api/users/2 HTTP/1.1" 200 427 "-" "Mozilla/5.0 (X11; Linux x86_64) AppleWebKit/537.36 (KHTML, like Gecko) Chrome/75.0.3770.80 Safari/537.36"
::1 - - [12/Jun/2019:13:07:16 -0300] "GET /api/users/2 HTTP/1.1" 200 427 "-" "Mozilla/5.0 (X11; Linux x86_64) AppleWebKit/537.36 (KHTML, like Gecko) Chrome/75.0.3770.80 Safari/537.36"
::1 - - [12/Jun/2019:13:07:17 -0300] "GET /api/users/2 HTTP/1.1" 200 427 "-" "Mozilla/5.0 (X11; Linux x86_64) AppleWebKit/537.36 (KHTML, like Gecko) Chrome/75.0.3770.80 Safari/537.36"
::1 - - [12/Jun/2019:13:07:17 -0300] "GET /api/users/2 HTTP/1.1" 200 427 "-" "Mozilla/5.0 (X11; Linux x86_64) AppleWebKit/537.36 (KHTML, like Gecko) Chrome/75.0.3770.80 Safari/537.36"
::1 - - [12/Jun/2019:13:07:17 -0300] "GET /api/users/2 HTTP/1.1" 200 427 "-" "Mozilla/5.0 (X11; Linux x86_64) AppleWebKit/537.36 (KHTML, like Gecko) Chrome/75.0.3770.80 Safari/537.36"
::1 - - [12/Jun/2019:13:07:18 -0300] "GET /api/users/2 HTTP/1.1" 200 427 "-" "Mozilla/5.0 (X11; Linux x86_64) AppleWebKit/537.36 (KHTML, like Gecko) Chrome/75.0.3770.80 Safari/537.36"
::1 - - [12/Jun/2019:13:07:18 -0300] "GET /api/users/2 HTTP/1.1" 200 427 "-" "Mozilla/5.0 (X11; Linux x86_64) AppleWebKit/537.36 (KHTML, like Gecko) Chrome/75.0.3770.80 Safari/537.36"
::1 - - [12/Jun/2019:13:07:18 -0300] "GET /api/users/2 HTTP/1.1" 200 427 "-" "Mozilla/5.0 (X11; Linux x86_64) AppleWebKit/537.36 (KHTML, like Gecko) Chrome/75.0.3770.80 Safari/537.36"
::1 - - [12/Jun/2019:13:07:18 -0300] "GET /api/users/2 HTTP/1.1" 200 427 "-" "Mozilla/5.0 (X11; Linux x86_64) AppleWebKit/537.36 (KHTML, like Gecko) Chrome/75.0.3770.80 Safari/537.36"
::1 - - [12/Jun/2019:13:07:23 -0300] "GET /api/users/2 HTTP/1.1" 200 427 "-" "Mozilla/5.0 (X11; Linux x86_64) AppleWebKit/537.36 (KHTML, like Gecko) Chrome/75.0.3770.80 Safari/537.36"
::1 - - [12/Jun/2019:13:07:23 -0300] "GET /api/users/2 HTTP/1.1" 200 427 "-" "Mozilla/5.0 (X11; Linux x86_64) AppleWebKit/537.36 (KHTML, like Gecko) Chrome/75.0.3770.80 Safari/537.36"
::1 - - [12/Jun/2019:13:08:06 -0300] "-" 408 0 "-" "-"
::1 - - [12/Jun/2019:13:09:03 -0300] "GET /api/users/2 HTTP/1.1" 200 428 "-" "Mozilla/5.0 (X11; Linux x86_64) AppleWebKit/537.36 (KHTML, like Gecko) Chrome/75.0.3770.80 Safari/537.36"
::1 - - [12/Jun/2019:13:09:04 -0300] "GET /api/users/2 HTTP/1.1" 200 427 "-" "Mozilla/5.0 (X11; Linux x86_64) AppleWebKit/537.36 (KHTML, like Gecko) Chrome/75.0.3770.80 Safari/537.36"
::1 - - [12/Jun/2019:13:09:05 -0300] "GET /api/users/2 HTTP/1.1" 200 427 "-" "Mozilla/5.0 (X11; Linux x86_64) AppleWebKit/537.36 (KHTML, like Gecko) Chrome/75.0.3770.80 Safari/537.36"
::1 - - [12/Jun/2019:13:09:05 -0300] "GET /api/users/2 HTTP/1.1" 200 427 "-" "Mozilla/5.0 (X11; Linux x86_64) AppleWebKit/537.36 (KHTML, like Gecko) Chrome/75.0.3770.80 Safari/537.36"
::1 - - [12/Jun/2019:13:09:05 -0300] "GET /api/users/2 HTTP/1.1" 200 427 "-" "Mozilla/5.0 (X11; Linux x86_64) AppleWebKit/537.36 (KHTML, like Gecko) Chrome/75.0.3770.80 Safari/537.36"
::1 - - [12/Jun/2019:13:09:05 -0300] "GET /api/users/2 HTTP/1.1" 200 427 "-" "Mozilla/5.0 (X11; Linux x86_64) AppleWebKit/537.36 (KHTML, like Gecko) Chrome/75.0.3770.80 Safari/537.36"
::1 - - [12/Jun/2019:13:09:05 -0300] "GET /api/users/2 HTTP/1.1" 200 427 "-" "Mozilla/5.0 (X11; Linux x86_64) AppleWebKit/537.36 (KHTML, like Gecko) Chrome/75.0.3770.80 Safari/537.36"
::1 - - [12/Jun/2019:13:09:21 -0300] "GET /api/users/2 HTTP/1.1" 200 436 "-" "Mozilla/5.0 (X11; Linux x86_64) AppleWebKit/537.36 (KHTML, like Gecko) Chrome/75.0.3770.80 Safari/537.36"
::1 - - [12/Jun/2019:13:09:30 -0300] "GET /api/users/2 HTTP/1.1" 200 428 "-" "Mozilla/5.0 (X11; Linux x86_64) AppleWebKit/537.36 (KHTML, like Gecko) Chrome/75.0.3770.80 Safari/537.36"
::1 - - [12/Jun/2019:13:09:37 -0300] "GET /api/users/2 HTTP/1.1" 200 428 "-" "Mozilla/5.0 (X11; Linux x86_64) AppleWebKit/537.36 (KHTML, like Gecko) Chrome/75.0.3770.80 Safari/537.36"
::1 - - [12/Jun/2019:13:09:38 -0300] "GET /api/users/2 HTTP/1.1" 200 427 "-" "Mozilla/5.0 (X11; Linux x86_64) AppleWebKit/537.36 (KHTML, like Gecko) Chrome/75.0.3770.80 Safari/537.36"
::1 - - [12/Jun/2019:13:09:38 -0300] "GET /api/users/2 HTTP/1.1" 200 427 "-" "Mozilla/5.0 (X11; Linux x86_64) AppleWebKit/537.36 (KHTML, like Gecko) Chrome/75.0.3770.80 Safari/537.36"
::1 - - [12/Jun/2019:13:09:38 -0300] "GET /api/users/2 HTTP/1.1" 200 427 "-" "Mozilla/5.0 (X11; Linux x86_64) AppleWebKit/537.36 (KHTML, like Gecko) Chrome/75.0.3770.80 Safari/537.36"
::1 - - [12/Jun/2019:13:09:39 -0300] "GET /api/users/2 HTTP/1.1" 200 427 "-" "Mozilla/5.0 (X11; Linux x86_64) AppleWebKit/537.36 (KHTML, like Gecko) Chrome/75.0.3770.80 Safari/537.36"
::1 - - [12/Jun/2019:13:09:39 -0300] "GET /api/users/2 HTTP/1.1" 200 427 "-" "Mozilla/5.0 (X11; Linux x86_64) AppleWebKit/537.36 (KHTML, like Gecko) Chrome/75.0.3770.80 Safari/537.36"
::1 - - [12/Jun/2019:13:10:05 -0300] "GET /api/users/2 HTTP/1.1" 200 428 "-" "Mozilla/5.0 (X11; Linux x86_64) AppleWebKit/537.36 (KHTML, like Gecko) Chrome/75.0.3770.80 Safari/537.36"
::1 - - [12/Jun/2019:13:10:09 -0300] "GET /api/users/2 HTTP/1.1" 200 427 "-" "Mozilla/5.0 (X11; Linux x86_64) AppleWebKit/537.36 (KHTML, like Gecko) Chrome/75.0.3770.80 Safari/537.36"
::1 - - [12/Jun/2019:13:10:15 -0300] "GET /api/users/2 HTTP/1.1" 200 436 "-" "Mozilla/5.0 (X11; Linux x86_64) AppleWebKit/537.36 (KHTML, like Gecko) Chrome/75.0.3770.80 Safari/537.36"
::1 - - [12/Jun/2019:13:10:53 -0300] "GET /api/users/2 HTTP/1.1" 200 428 "-" "Mozilla/5.0 (X11; Linux x86_64) AppleWebKit/537.36 (KHTML, like Gecko) Chrome/75.0.3770.80 Safari/537.36"
::1 - - [12/Jun/2019:13:10:53 -0300] "GET /api/users/2 HTTP/1.1" 200 427 "-" "Mozilla/5.0 (X11; Linux x86_64) AppleWebKit/537.36 (KHTML, like Gecko) Chrome/75.0.3770.80 Safari/537.36"
::1 - - [12/Jun/2019:13:10:54 -0300] "GET /api/users/2 HTTP/1.1" 200 427 "-" "Mozilla/5.0 (X11; Linux x86_64) AppleWebKit/537.36 (KHTML, like Gecko) Chrome/75.0.3770.80 Safari/537.36"
::1 - - [12/Jun/2019:13:11:14 -0300] "GET /api/users/2 HTTP/1.1" 200 327 "-" "Mozilla/5.0 (X11; Linux x86_64) AppleWebKit/537.36 (KHTML, like Gecko) Chrome/75.0.3770.80 Safari/537.36"
::1 - - [12/Jun/2019:13:12:05 -0300] "-" 408 0 "-" "-"
::1 - - [12/Jun/2019:13:12:30 -0300] "GET /api/users/2 HTTP/1.1" 200 327 "-" "Mozilla/5.0 (X11; Linux x86_64) AppleWebKit/537.36 (KHTML, like Gecko) Chrome/75.0.3770.80 Safari/537.36"
::1 - - [12/Jun/2019:13:12:30 -0300] "GET /api/users/2 HTTP/1.1" 200 326 "-" "Mozilla/5.0 (X11; Linux x86_64) AppleWebKit/537.36 (KHTML, like Gecko) Chrome/75.0.3770.80 Safari/537.36"
::1 - - [12/Jun/2019:13:12:31 -0300] "GET /api/users/2 HTTP/1.1" 200 326 "-" "Mozilla/5.0 (X11; Linux x86_64) AppleWebKit/537.36 (KHTML, like Gecko) Chrome/75.0.3770.80 Safari/537.36"
::1 - - [12/Jun/2019:13:12:31 -0300] "GET /api/users/2 HTTP/1.1" 200 326 "-" "Mozilla/5.0 (X11; Linux x86_64) AppleWebKit/537.36 (KHTML, like Gecko) Chrome/75.0.3770.80 Safari/537.36"
::1 - - [12/Jun/2019:13:12:37 -0300] "GET /api/users/2 HTTP/1.1" 200 516 "-" "Mozilla/5.0 (X11; Linux x86_64) AppleWebKit/537.36 (KHTML, like Gecko) Chrome/75.0.3770.80 Safari/537.36"
::1 - - [12/Jun/2019:13:12:41 -0300] "GET /api/users/2 HTTP/1.1" 200 326 "-" "Mozilla/5.0 (X11; Linux x86_64) AppleWebKit/537.36 (KHTML, like Gecko) Chrome/75.0.3770.80 Safari/537.36"
::1 - - [12/Jun/2019:13:12:41 -0300] "GET /api/users/2 HTTP/1.1" 200 326 "-" "Mozilla/5.0 (X11; Linux x86_64) AppleWebKit/537.36 (KHTML, like Gecko) Chrome/75.0.3770.80 Safari/537.36"
::1 - - [12/Jun/2019:13:12:41 -0300] "GET /api/users/2 HTTP/1.1" 200 326 "-" "Mozilla/5.0 (X11; Linux x86_64) AppleWebKit/537.36 (KHTML, like Gecko) Chrome/75.0.3770.80 Safari/537.36"
::1 - - [12/Jun/2019:13:12:42 -0300] "GET /api/users/2 HTTP/1.1" 200 326 "-" "Mozilla/5.0 (X11; Linux x86_64) AppleWebKit/537.36 (KHTML, like Gecko) Chrome/75.0.3770.80 Safari/537.36"
::1 - - [12/Jun/2019:13:12:42 -0300] "GET /api/users/2 HTTP/1.1" 200 326 "-" "Mozilla/5.0 (X11; Linux x86_64) AppleWebKit/537.36 (KHTML, like Gecko) Chrome/75.0.3770.80 Safari/537.36"
::1 - - [12/Jun/2019:13:12:51 -0300] "GET /api/users/2 HTTP/1.1" 200 2392 "-" "Mozilla/5.0 (X11; Linux x86_64) AppleWebKit/537.36 (KHTML, like Gecko) Chrome/75.0.3770.80 Safari/537.36"
::1 - - [12/Jun/2019:13:12:59 -0300] "GET /api/users/2 HTTP/1.1" 200 337 "-" "Mozilla/5.0 (X11; Linux x86_64) AppleWebKit/537.36 (KHTML, like Gecko) Chrome/75.0.3770.80 Safari/537.36"
::1 - - [12/Jun/2019:13:13:13 -0300] "GET /api/users/2 HTTP/1.1" 200 327 "-" "Mozilla/5.0 (X11; Linux x86_64) AppleWebKit/537.36 (KHTML, like Gecko) Chrome/75.0.3770.80 Safari/537.36"
::1 - - [12/Jun/2019:13:13:29 -0300] "GET /api/users/2 HTTP/1.1" 200 327 "-" "Mozilla/5.0 (X11; Linux x86_64) AppleWebKit/537.36 (KHTML, like Gecko) Chrome/75.0.3770.80 Safari/537.36"
::1 - - [12/Jun/2019:13:13:29 -0300] "GET /api/users/2 HTTP/1.1" 200 326 "-" "Mozilla/5.0 (X11; Linux x86_64) AppleWebKit/537.36 (KHTML, like Gecko) Chrome/75.0.3770.80 Safari/537.36"
::1 - - [12/Jun/2019:13:13:29 -0300] "GET /api/users/2 HTTP/1.1" 200 326 "-" "Mozilla/5.0 (X11; Linux x86_64) AppleWebKit/537.36 (KHTML, like Gecko) Chrome/75.0.3770.80 Safari/537.36"
::1 - - [12/Jun/2019:13:14:05 -0300] "GET /api/users/2 HTTP/1.1" 200 406 "-" "Mozilla/5.0 (X11; Linux x86_64) AppleWebKit/537.36 (KHTML, like Gecko) Chrome/75.0.3770.80 Safari/537.36"
::1 - - [12/Jun/2019:13:14:05 -0300] "GET /api/users/2 HTTP/1.1" 200 405 "-" "Mozilla/5.0 (X11; Linux x86_64) AppleWebKit/537.36 (KHTML, like Gecko) Chrome/75.0.3770.80 Safari/537.36"
::1 - - [12/Jun/2019:13:14:11 -0300] "GET /api/users/2 HTTP/1.1" 200 327 "-" "Mozilla/5.0 (X11; Linux x86_64) AppleWebKit/537.36 (KHTML, like Gecko) Chrome/75.0.3770.80 Safari/537.36"
::1 - - [12/Jun/2019:13:14:11 -0300] "GET /api/users/2 HTTP/1.1" 200 326 "-" "Mozilla/5.0 (X11; Linux x86_64) AppleWebKit/537.36 (KHTML, like Gecko) Chrome/75.0.3770.80 Safari/537.36"
::1 - - [12/Jun/2019:13:14:14 -0300] "GET /api/users/2 HTTP/1.1" 200 405 "-" "Mozilla/5.0 (X11; Linux x86_64) AppleWebKit/537.36 (KHTML, like Gecko) Chrome/75.0.3770.80 Safari/537.36"
::1 - - [12/Jun/2019:13:14:34 -0300] "GET /api/users/2 HTTP/1.1" 200 327 "-" "Mozilla/5.0 (X11; Linux x86_64) AppleWebKit/537.36 (KHTML, like Gecko) Chrome/75.0.3770.80 Safari/537.36"
::1 - - [12/Jun/2019:13:14:38 -0300] "GET /api/users/2 HTTP/1.1" 200 326 "-" "Mozilla/5.0 (X11; Linux x86_64) AppleWebKit/537.36 (KHTML, like Gecko) Chrome/75.0.3770.80 Safari/537.36"
::1 - - [12/Jun/2019:13:14:54 -0300] "GET /api/users/2 HTTP/1.1" 200 327 "-" "Mozilla/5.0 (X11; Linux x86_64) AppleWebKit/537.36 (KHTML, like Gecko) Chrome/75.0.3770.80 Safari/537.36"
::1 - - [12/Jun/2019:13:14:54 -0300] "GET /api/users/2 HTTP/1.1" 200 326 "-" "Mozilla/5.0 (X11; Linux x86_64) AppleWebKit/537.36 (KHTML, like Gecko) Chrome/75.0.3770.80 Safari/537.36"
::1 - - [12/Jun/2019:13:14:54 -0300] "GET /api/users/2 HTTP/1.1" 200 326 "-" "Mozilla/5.0 (X11; Linux x86_64) AppleWebKit/537.36 (KHTML, like Gecko) Chrome/75.0.3770.80 Safari/537.36"
::1 - - [12/Jun/2019:13:14:54 -0300] "GET /api/users/2 HTTP/1.1" 200 326 "-" "Mozilla/5.0 (X11; Linux x86_64) AppleWebKit/537.36 (KHTML, like Gecko) Chrome/75.0.3770.80 Safari/537.36"
::1 - - [12/Jun/2019:13:15:01 -0300] "GET /api/users/2 HTTP/1.1" 200 327 "-" "Mozilla/5.0 (X11; Linux x86_64) AppleWebKit/537.36 (KHTML, like Gecko) Chrome/75.0.3770.80 Safari/537.36"
::1 - - [12/Jun/2019:13:15:01 -0300] "GET /api/users/2 HTTP/1.1" 200 326 "-" "Mozilla/5.0 (X11; Linux x86_64) AppleWebKit/537.36 (KHTML, like Gecko) Chrome/75.0.3770.80 Safari/537.36"
::1 - - [12/Jun/2019:13:15:01 -0300] "GET /api/users/2 HTTP/1.1" 200 326 "-" "Mozilla/5.0 (X11; Linux x86_64) AppleWebKit/537.36 (KHTML, like Gecko) Chrome/75.0.3770.80 Safari/537.36"
::1 - - [12/Jun/2019:13:15:01 -0300] "GET /api/users/2 HTTP/1.1" 200 326 "-" "Mozilla/5.0 (X11; Linux x86_64) AppleWebKit/537.36 (KHTML, like Gecko) Chrome/75.0.3770.80 Safari/537.36"
::1 - - [12/Jun/2019:13:15:13 -0300] "GET /api/users/2 HTTP/1.1" 200 523 "-" "Mozilla/5.0 (X11; Linux x86_64) AppleWebKit/537.36 (KHTML, like Gecko) Chrome/75.0.3770.80 Safari/537.36"
::1 - - [12/Jun/2019:13:15:13 -0300] "GET /api/users/2 HTTP/1.1" 200 522 "-" "Mozilla/5.0 (X11; Linux x86_64) AppleWebKit/537.36 (KHTML, like Gecko) Chrome/75.0.3770.80 Safari/537.36"
::1 - - [12/Jun/2019:20:30:25 -0300] "GET /api/users/2 HTTP/1.1" 200 523 "-" "Mozilla/5.0 (X11; Linux x86_64) AppleWebKit/537.36 (KHTML, like Gecko) Chrome/75.0.3770.80 Safari/537.36"
::1 - - [12/Jun/2019:20:30:26 -0300] "GET /favicon.ico HTTP/1.1" 200 216 "http://localhost/api/users/2" "Mozilla/5.0 (X11; Linux x86_64) AppleWebKit/537.36 (KHTML, like Gecko) Chrome/75.0.3770.80 Safari/537.36"
::1 - - [12/Jun/2019:20:31:16 -0300] "-" 408 0 "-" "-"
::1 - - [12/Jun/2019:20:49:44 -0300] "GET /api/users/2 HTTP/1.1" 200 598 "-" "Mozilla/5.0 (X11; Linux x86_64) AppleWebKit/537.36 (KHTML, like Gecko) Chrome/75.0.3770.80 Safari/537.36"
::1 - - [12/Jun/2019:20:49:45 -0300] "GET /favicon.ico HTTP/1.1" 200 216 "http://localhost/api/users/2" "Mozilla/5.0 (X11; Linux x86_64) AppleWebKit/537.36 (KHTML, like Gecko) Chrome/75.0.3770.80 Safari/537.36"
::1 - - [12/Jun/2019:20:50:36 -0300] "-" 408 0 "-" "-"
::1 - - [12/Jun/2019:20:58:13 -0300] "GET /api/users/2 HTTP/1.1" 200 511 "-" "Mozilla/5.0 (X11; Linux x86_64) AppleWebKit/537.36 (KHTML, like Gecko) Chrome/75.0.3770.80 Safari/537.36"
::1 - - [12/Jun/2019:20:58:13 -0300] "GET /favicon.ico HTTP/1.1" 200 216 "http://localhost/api/users/2" "Mozilla/5.0 (X11; Linux x86_64) AppleWebKit/537.36 (KHTML, like Gecko) Chrome/75.0.3770.80 Safari/537.36"
127.0.0.1 - - [12/Jun/2019:20:58:53 -0300] "POST /api/users HTTP/1.1" 500 227 "-" "PostmanRuntime/7.13.0"
::1 - - [12/Jun/2019:20:58:59 -0300] "GET /api/users/2 HTTP/1.1" 200 511 "-" "Mozilla/5.0 (X11; Linux x86_64) AppleWebKit/537.36 (KHTML, like Gecko) Chrome/75.0.3770.80 Safari/537.36"
::1 - - [12/Jun/2019:20:59:00 -0300] "GET /favicon.ico HTTP/1.1" 200 216 "http://localhost/api/users/2" "Mozilla/5.0 (X11; Linux x86_64) AppleWebKit/537.36 (KHTML, like Gecko) Chrome/75.0.3770.80 Safari/537.36"
::1 - - [12/Jun/2019:20:59:02 -0300] "GET /api/users/1 HTTP/1.1" 200 510 "-" "Mozilla/5.0 (X11; Linux x86_64) AppleWebKit/537.36 (KHTML, like Gecko) Chrome/75.0.3770.80 Safari/537.36"
::1 - - [12/Jun/2019:20:59:02 -0300] "GET /favicon.ico HTTP/1.1" 200 216 "http://localhost/api/users/1" "Mozilla/5.0 (X11; Linux x86_64) AppleWebKit/537.36 (KHTML, like Gecko) Chrome/75.0.3770.80 Safari/537.36"
127.0.0.1 - - [12/Jun/2019:20:59:19 -0300] "POST /api/async HTTP/1.1" 500 227 "-" "PostmanRuntime/7.13.0"
::1 - - [12/Jun/2019:20:59:42 -0300] "GET /api/users/1 HTTP/1.1" 200 450 "-" "Mozilla/5.0 (X11; Linux x86_64) AppleWebKit/537.36 (KHTML, like Gecko) Chrome/75.0.3770.80 Safari/537.36"
::1 - - [12/Jun/2019:20:59:42 -0300] "GET /favicon.ico HTTP/1.1" 200 216 "http://localhost/api/users/1" "Mozilla/5.0 (X11; Linux x86_64) AppleWebKit/537.36 (KHTML, like Gecko) Chrome/75.0.3770.80 Safari/537.36"
::1 - - [12/Jun/2019:21:00:34 -0300] "-" 408 0 "-" "-"
::1 - - [12/Jun/2019:21:00:38 -0300] "GET /api/users/1 HTTP/1.1" 200 256 "-" "Mozilla/5.0 (X11; Linux x86_64) AppleWebKit/537.36 (KHTML, like Gecko) Chrome/75.0.3770.80 Safari/537.36"
::1 - - [12/Jun/2019:21:00:38 -0300] "GET /favicon.ico HTTP/1.1" 200 202 "http://localhost/api/users/1" "Mozilla/5.0 (X11; Linux x86_64) AppleWebKit/537.36 (KHTML, like Gecko) Chrome/75.0.3770.80 Safari/537.36"
127.0.0.1 - - [12/Jun/2019:21:01:09 -0300] "POST /api/async HTTP/1.1" 500 185 "-" "PostmanRuntime/7.13.0"
::1 - - [12/Jun/2019:21:01:29 -0300] "-" 408 0 "-" "-"
127.0.0.1 - - [12/Jun/2019:21:02:01 -0300] "POST /api/users HTTP/1.1" 500 185 "-" "PostmanRuntime/7.13.0"
127.0.0.1 - - [12/Jun/2019:21:02:37 -0300] "POST /api/users HTTP/1.1" 500 185 "-" "PostmanRuntime/7.13.0"
127.0.0.1 - - [12/Jun/2019:21:04:07 -0300] "POST /api/users HTTP/1.1" 500 185 "-" "PostmanRuntime/7.13.0"
127.0.0.1 - - [12/Jun/2019:21:04:16 -0300] "POST /api/users HTTP/1.1" 500 185 "-" "PostmanRuntime/7.13.0"
127.0.0.1 - - [12/Jun/2019:21:04:19 -0300] "POST /api/users HTTP/1.1" 500 185 "-" "PostmanRuntime/7.13.0"
::1 - - [12/Jun/2019:21:04:36 -0300] "GET /api/users/1 HTTP/1.1" 200 256 "-" "Mozilla/5.0 (X11; Linux x86_64) AppleWebKit/537.36 (KHTML, like Gecko) Chrome/75.0.3770.80 Safari/537.36"
::1 - - [12/Jun/2019:21:04:36 -0300] "GET /favicon.ico HTTP/1.1" 200 202 "http://localhost/api/users/1" "Mozilla/5.0 (X11; Linux x86_64) AppleWebKit/537.36 (KHTML, like Gecko) Chrome/75.0.3770.80 Safari/537.36"
127.0.0.1 - - [12/Jun/2019:21:04:38 -0300] "POST /api/users HTTP/1.1" 500 185 "-" "PostmanRuntime/7.13.0"
127.0.0.1 - - [12/Jun/2019:21:05:16 -0300] "POST /api/users HTTP/1.1" 500 185 "-" "PostmanRuntime/7.13.0"
::1 - - [12/Jun/2019:21:05:27 -0300] "-" 408 0 "-" "-"
127.0.0.1 - - [12/Jun/2019:21:05:39 -0300] "POST /api/users HTTP/1.1" 200 1690 "-" "PostmanRuntime/7.13.0"
127.0.0.1 - - [12/Jun/2019:21:05:49 -0300] "POST /api/users HTTP/1.1" 500 185 "-" "PostmanRuntime/7.13.0"
127.0.0.1 - - [12/Jun/2019:21:05:59 -0300] "POST /api/users HTTP/1.1" 500 280 "-" "PostmanRuntime/7.13.0"
127.0.0.1 - - [12/Jun/2019:21:06:07 -0300] "POST /api/users HTTP/1.1" 200 336 "-" "PostmanRuntime/7.13.0"
127.0.0.1 - - [12/Jun/2019:21:06:22 -0300] "POST /api/users HTTP/1.1" 200 203 "-" "PostmanRuntime/7.13.0"
::1 - - [12/Jun/2019:21:06:35 -0300] "GET /api/users HTTP/1.1" 200 203 "-" "Mozilla/5.0 (X11; Linux x86_64) AppleWebKit/537.36 (KHTML, like Gecko) Chrome/75.0.3770.80 Safari/537.36"
::1 - - [12/Jun/2019:21:06:35 -0300] "GET /favicon.ico HTTP/1.1" 200 202 "http://localhost/api/users" "Mozilla/5.0 (X11; Linux x86_64) AppleWebKit/537.36 (KHTML, like Gecko) Chrome/75.0.3770.80 Safari/537.36"
127.0.0.1 - - [12/Jun/2019:21:07:09 -0300] "POST /api/users HTTP/1.1" 200 203 "-" "PostmanRuntime/7.13.0"
127.0.0.1 - - [12/Jun/2019:21:07:23 -0300] "POST /api/users HTTP/1.1" 200 203 "-" "PostmanRuntime/7.13.0"
::1 - - [12/Jun/2019:21:07:27 -0300] "-" 408 0 "-" "-"
127.0.0.1 - - [12/Jun/2019:21:07:49 -0300] "POST /api/users HTTP/1.1" 200 203 "-" "PostmanRuntime/7.13.0"
::1 - - [12/Jun/2019:21:08:37 -0300] "GET /api/users HTTP/1.1" 200 340 "-" "Mozilla/5.0 (X11; Linux x86_64) AppleWebKit/537.36 (KHTML, like Gecko) Chrome/75.0.3770.80 Safari/537.36"
::1 - - [12/Jun/2019:21:08:37 -0300] "GET /favicon.ico HTTP/1.1" 200 253 "http://localhost/api/users" "Mozilla/5.0 (X11; Linux x86_64) AppleWebKit/537.36 (KHTML, like Gecko) Chrome/75.0.3770.80 Safari/537.36"
::1 - - [12/Jun/2019:21:08:46 -0300] "GET /api/users HTTP/1.1" 200 222 "-" "Mozilla/5.0 (X11; Linux x86_64) AppleWebKit/537.36 (KHTML, like Gecko) Chrome/75.0.3770.80 Safari/537.36"
::1 - - [12/Jun/2019:21:08:46 -0300] "GET /favicon.ico HTTP/1.1" 200 202 "http://localhost/api/users" "Mozilla/5.0 (X11; Linux x86_64) AppleWebKit/537.36 (KHTML, like Gecko) Chrome/75.0.3770.80 Safari/537.36"
::1 - - [12/Jun/2019:21:09:06 -0300] "GET /api/users HTTP/1.1" 200 340 "-" "Mozilla/5.0 (X11; Linux x86_64) AppleWebKit/537.36 (KHTML, like Gecko) Chrome/75.0.3770.80 Safari/537.36"
::1 - - [12/Jun/2019:21:09:06 -0300] "GET /favicon.ico HTTP/1.1" 200 202 "http://localhost/api/users" "Mozilla/5.0 (X11; Linux x86_64) AppleWebKit/537.36 (KHTML, like Gecko) Chrome/75.0.3770.80 Safari/537.36"
127.0.0.1 - - [12/Jun/2019:21:09:21 -0300] "POST /api/users HTTP/1.1" 200 203 "-" "PostmanRuntime/7.13.0"
127.0.0.1 - - [12/Jun/2019:21:09:27 -0300] "POST /api/users HTTP/1.1" 200 203 "-" "PostmanRuntime/7.13.0"
127.0.0.1 - - [12/Jun/2019:21:09:43 -0300] "POST /api/users HTTP/1.1" 200 203 "-" "PostmanRuntime/7.13.0"
127.0.0.1 - - [12/Jun/2019:21:09:51 -0300] "POST /api/users HTTP/1.1" 200 223 "-" "PostmanRuntime/7.13.0"
::1 - - [12/Jun/2019:21:09:58 -0300] "-" 408 0 "-" "-"
127.0.0.1 - - [12/Jun/2019:21:10:04 -0300] "POST /api/users HTTP/1.1" 200 404 "-" "PostmanRuntime/7.13.0"
127.0.0.1 - - [12/Jun/2019:21:10:29 -0300] "POST /api/users HTTP/1.1" 200 242 "-" "PostmanRuntime/7.13.0"
127.0.0.1 - - [12/Jun/2019:21:10:57 -0300] "POST /api/users HTTP/1.1" 200 203 "-" "PostmanRuntime/7.13.0"
127.0.0.1 - - [12/Jun/2019:21:10:59 -0300] "POST /api/users HTTP/1.1" 200 202 "-" "PostmanRuntime/7.13.0"
127.0.0.1 - - [12/Jun/2019:21:11:01 -0300] "POST /api/users HTTP/1.1" 200 222 "-" "PostmanRuntime/7.13.0"
127.0.0.1 - - [12/Jun/2019:21:11:07 -0300] "POST /api/users HTTP/1.1" 200 242 "-" "PostmanRuntime/7.13.0"
127.0.0.1 - - [12/Jun/2019:21:11:20 -0300] "POST /api/users HTTP/1.1" 200 370 "-" "PostmanRuntime/7.13.0"
127.0.0.1 - - [12/Jun/2019:21:11:28 -0300] "POST /api/users HTTP/1.1" 200 203 "-" "PostmanRuntime/7.13.0"
127.0.0.1 - - [12/Jun/2019:21:11:52 -0300] "POST /api/users HTTP/1.1" 200 385 "-" "PostmanRuntime/7.13.0"
127.0.0.1 - - [12/Jun/2019:21:12:06 -0300] "POST /api/users HTTP/1.1" 200 203 "-" "PostmanRuntime/7.13.0"
127.0.0.1 - - [12/Jun/2019:21:12:07 -0300] "POST /api/users HTTP/1.1" 200 202 "-" "PostmanRuntime/7.13.0"
127.0.0.1 - - [12/Jun/2019:21:12:12 -0300] "POST /api/users HTTP/1.1" 200 226 "-" "PostmanRuntime/7.13.0"
127.0.0.1 - - [12/Jun/2019:21:12:25 -0300] "POST /api/users HTTP/1.1" 200 203 "-" "PostmanRuntime/7.13.0"
127.0.0.1 - - [12/Jun/2019:21:12:33 -0300] "POST /api/users HTTP/1.1" 200 203 "-" "PostmanRuntime/7.13.0"
127.0.0.1 - - [12/Jun/2019:21:12:37 -0300] "POST /api/users HTTP/1.1" 200 216 "-" "PostmanRuntime/7.13.0"
127.0.0.1 - - [12/Jun/2019:21:13:11 -0300] "POST /api/users HTTP/1.1" 200 389 "-" "PostmanRuntime/7.13.0"
127.0.0.1 - - [12/Jun/2019:21:13:29 -0300] "POST /api/users HTTP/1.1" 200 203 "-" "PostmanRuntime/7.13.0"
127.0.0.1 - - [12/Jun/2019:21:13:30 -0300] "POST /api/users HTTP/1.1" 200 202 "-" "PostmanRuntime/7.13.0"
127.0.0.1 - - [12/Jun/2019:21:13:48 -0300] "POST /api/users HTTP/1.1" 200 225 "-" "PostmanRuntime/7.13.0"
127.0.0.1 - - [12/Jun/2019:21:14:12 -0300] "POST /api/users HTTP/1.1" 200 9911 "-" "PostmanRuntime/7.13.0"
127.0.0.1 - - [12/Jun/2019:21:14:54 -0300] "POST /api/users HTTP/1.1" 200 247 "-" "PostmanRuntime/7.13.0"
127.0.0.1 - - [12/Jun/2019:21:15:06 -0300] "POST /api/users HTTP/1.1" 200 247 "-" "PostmanRuntime/7.13.0"
127.0.0.1 - - [12/Jun/2019:21:15:23 -0300] "POST /api/users HTTP/1.1" 200 399 "-" "PostmanRuntime/7.13.0"
127.0.0.1 - - [12/Jun/2019:21:15:44 -0300] "POST /api/users HTTP/1.1" 200 399 "-" "PostmanRuntime/7.13.0"
127.0.0.1 - - [12/Jun/2019:21:16:16 -0300] "POST /api/users HTTP/1.1" 200 410 "-" "PostmanRuntime/7.13.0"
127.0.0.1 - - [12/Jun/2019:21:17:28 -0300] "POST /api/users HTTP/1.1" 200 341 "-" "PostmanRuntime/7.13.0"
127.0.0.1 - - [12/Jun/2019:21:17:55 -0300] "POST /api/users HTTP/1.1" 200 9836 "-" "PostmanRuntime/7.13.0"
127.0.0.1 - - [12/Jun/2019:21:18:08 -0300] "POST /api/users HTTP/1.1" 200 417 "-" "PostmanRuntime/7.13.0"
127.0.0.1 - - [12/Jun/2019:21:18:29 -0300] "POST /api/users HTTP/1.1" 200 417 "-" "PostmanRuntime/7.13.0"
127.0.0.1 - - [12/Jun/2019:21:18:49 -0300] "POST /api/users HTTP/1.1" 200 435 "-" "PostmanRuntime/7.13.0"
127.0.0.1 - - [12/Jun/2019:21:18:59 -0300] "POST /api/users HTTP/1.1" 200 443 "-" "PostmanRuntime/7.13.0"
127.0.0.1 - - [12/Jun/2019:21:19:24 -0300] "POST /api/users HTTP/1.1" 200 389 "-" "PostmanRuntime/7.13.0"
127.0.0.1 - - [12/Jun/2019:21:19:30 -0300] "POST /api/users HTTP/1.1" 200 392 "-" "PostmanRuntime/7.13.0"
127.0.0.1 - - [12/Jun/2019:21:19:42 -0300] "POST /api/users HTTP/1.1" 200 409 "-" "PostmanRuntime/7.13.0"
127.0.0.1 - - [12/Jun/2019:21:19:50 -0300] "POST /api/users HTTP/1.1" 200 393 "-" "PostmanRuntime/7.13.0"
127.0.0.1 - - [12/Jun/2019:21:19:59 -0300] "POST /api/users HTTP/1.1" 200 385 "-" "PostmanRuntime/7.13.0"
127.0.0.1 - - [12/Jun/2019:21:20:15 -0300] "POST /api/users HTTP/1.1" 200 384 "-" "PostmanRuntime/7.13.0"
127.0.0.1 - - [12/Jun/2019:21:20:27 -0300] "POST /api/users HTTP/1.1" 200 385 "-" "PostmanRuntime/7.13.0"
127.0.0.1 - - [12/Jun/2019:21:20:36 -0300] "POST /api/users HTTP/1.1" 200 423 "-" "PostmanRuntime/7.13.0"
127.0.0.1 - - [12/Jun/2019:21:20:53 -0300] "POST /api/users HTTP/1.1" 200 353 "-" "PostmanRuntime/7.13.0"
127.0.0.1 - - [12/Jun/2019:21:21:07 -0300] "POST /api/users HTTP/1.1" 200 476 "-" "PostmanRuntime/7.13.0"
127.0.0.1 - - [12/Jun/2019:21:21:41 -0300] "POST /api/users HTTP/1.1" 200 495 "-" "PostmanRuntime/7.13.0"
127.0.0.1 - - [12/Jun/2019:21:21:53 -0300] "POST /api/users HTTP/1.1" 200 423 "-" "PostmanRuntime/7.13.0"
127.0.0.1 - - [12/Jun/2019:21:22:00 -0300] "POST /api/users HTTP/1.1" 200 423 "-" "PostmanRuntime/7.13.0"
127.0.0.1 - - [12/Jun/2019:21:22:05 -0300] "POST /api/users HTTP/1.1" 200 423 "-" "PostmanRuntime/7.13.0"
127.0.0.1 - - [12/Jun/2019:21:22:09 -0300] "POST /api/users HTTP/1.1" 200 384 "-" "PostmanRuntime/7.13.0"
127.0.0.1 - - [12/Jun/2019:21:22:16 -0300] "POST /api/users HTTP/1.1" 200 353 "-" "PostmanRuntime/7.13.0"
127.0.0.1 - - [12/Jun/2019:21:22:23 -0300] "POST /api/users HTTP/1.1" 200 203 "-" "PostmanRuntime/7.13.0"
127.0.0.1 - - [12/Jun/2019:21:22:38 -0300] "POST /api/users HTTP/1.1" 200 353 "-" "PostmanRuntime/7.13.0"
127.0.0.1 - - [12/Jun/2019:21:23:04 -0300] "POST /api/users HTTP/1.1" 200 366 "-" "PostmanRuntime/7.13.0"
127.0.0.1 - - [12/Jun/2019:21:23:17 -0300] "POST /api/users HTTP/1.1" 200 361 "-" "PostmanRuntime/7.13.0"
127.0.0.1 - - [12/Jun/2019:21:23:23 -0300] "POST /api/users HTTP/1.1" 200 365 "-" "PostmanRuntime/7.13.0"
127.0.0.1 - - [12/Jun/2019:21:24:02 -0300] "POST /api/users HTTP/1.1" 200 361 "-" "PostmanRuntime/7.13.0"
127.0.0.1 - - [12/Jun/2019:21:24:09 -0300] "POST /api/users HTTP/1.1" 200 374 "-" "PostmanRuntime/7.13.0"
127.0.0.1 - - [12/Jun/2019:21:24:25 -0300] "POST /api/users HTTP/1.1" 200 372 "-" "PostmanRuntime/7.13.0"
127.0.0.1 - - [12/Jun/2019:21:24:47 -0300] "POST /api/users HTTP/1.1" 200 371 "-" "PostmanRuntime/7.13.0"
127.0.0.1 - - [12/Jun/2019:21:25:15 -0300] "POST /api/users HTTP/1.1" 200 443 "-" "PostmanRuntime/7.13.0"
127.0.0.1 - - [12/Jun/2019:21:25:51 -0300] "POST /api/users HTTP/1.1" 200 393 "-" "PostmanRuntime/7.13.0"
127.0.0.1 - - [12/Jun/2019:21:26:34 -0300] "POST /api/users HTTP/1.1" 200 371 "-" "PostmanRuntime/7.13.0"
127.0.0.1 - - [12/Jun/2019:21:26:49 -0300] "POST /api/users HTTP/1.1" 200 393 "-" "PostmanRuntime/7.13.0"
127.0.0.1 - - [12/Jun/2019:21:27:54 -0300] "POST /api/users HTTP/1.1" 200 378 "-" "PostmanRuntime/7.13.0"
127.0.0.1 - - [12/Jun/2019:21:28:03 -0300] "POST /api/users HTTP/1.1" 200 378 "-" "PostmanRuntime/7.13.0"
127.0.0.1 - - [12/Jun/2019:21:28:17 -0300] "POST /api/users HTTP/1.1" 200 239 "-" "PostmanRuntime/7.13.0"
127.0.0.1 - - [12/Jun/2019:21:28:37 -0300] "POST /api/users HTTP/1.1" 200 309 "-" "PostmanRuntime/7.13.0"
127.0.0.1 - - [12/Jun/2019:21:29:25 -0300] "POST /api/users HTTP/1.1" 200 9915 "-" "PostmanRuntime/7.13.0"
127.0.0.1 - - [12/Jun/2019:21:29:32 -0300] "POST /api/users HTTP/1.1" 200 210 "-" "PostmanRuntime/7.13.0"
127.0.0.1 - - [12/Jun/2019:21:29:48 -0300] "POST /api/users HTTP/1.1" 200 210 "-" "PostmanRuntime/7.13.0"
127.0.0.1 - - [12/Jun/2019:21:29:57 -0300] "POST /api/users HTTP/1.1" 200 223 "-" "PostmanRuntime/7.13.0"
127.0.0.1 - - [12/Jun/2019:21:30:12 -0300] "POST /api/users HTTP/1.1" 200 223 "-" "PostmanRuntime/7.13.0"
127.0.0.1 - - [12/Jun/2019:21:30:23 -0300] "POST /api/users HTTP/1.1" 200 223 "-" "PostmanRuntime/7.13.0"
127.0.0.1 - - [12/Jun/2019:21:30:47 -0300] "POST /api/users HTTP/1.1" 200 223 "-" "PostmanRuntime/7.13.0"
127.0.0.1 - - [12/Jun/2019:21:31:06 -0300] "POST /api/users HTTP/1.1" 200 223 "-" "PostmanRuntime/7.13.0"
127.0.0.1 - - [12/Jun/2019:21:31:09 -0300] "POST /api/users HTTP/1.1" 200 222 "-" "PostmanRuntime/7.13.0"
127.0.0.1 - - [12/Jun/2019:21:31:17 -0300] "POST /api/users HTTP/1.1" 200 242 "-" "PostmanRuntime/7.13.0"
127.0.0.1 - - [12/Jun/2019:21:31:37 -0300] "POST /api/users HTTP/1.1" 200 242 "-" "PostmanRuntime/7.13.0"
127.0.0.1 - - [12/Jun/2019:21:31:59 -0300] "POST /api/users HTTP/1.1" 200 223 "-" "PostmanRuntime/7.13.0"
127.0.0.1 - - [12/Jun/2019:21:32:08 -0300] "POST /api/users HTTP/1.1" 200 223 "-" "PostmanRuntime/7.13.0"
127.0.0.1 - - [12/Jun/2019:21:32:09 -0300] "POST /api/users HTTP/1.1" 200 222 "-" "PostmanRuntime/7.13.0"
127.0.0.1 - - [12/Jun/2019:21:32:31 -0300] "POST /api/users HTTP/1.1" 200 239 "-" "PostmanRuntime/7.13.0"
127.0.0.1 - - [12/Jun/2019:21:32:37 -0300] "POST /api/users HTTP/1.1" 200 353 "-" "PostmanRuntime/7.13.0"
127.0.0.1 - - [12/Jun/2019:21:32:41 -0300] "POST /api/users HTTP/1.1" 200 364 "-" "PostmanRuntime/7.13.0"
127.0.0.1 - - [12/Jun/2019:21:32:48 -0300] "POST /api/users HTTP/1.1" 200 353 "-" "PostmanRuntime/7.13.0"
127.0.0.1 - - [12/Jun/2019:21:33:13 -0300] "POST /api/users HTTP/1.1" 500 185 "-" "PostmanRuntime/7.13.0"
127.0.0.1 - - [12/Jun/2019:21:33:14 -0300] "POST /api/users HTTP/1.1" 500 185 "-" "PostmanRuntime/7.13.0"
127.0.0.1 - - [12/Jun/2019:21:33:29 -0300] "POST /api/users HTTP/1.1" 500 185 "-" "PostmanRuntime/7.13.0"
127.0.0.1 - - [12/Jun/2019:21:33:30 -0300] "POST /api/users HTTP/1.1" 500 185 "-" "PostmanRuntime/7.13.0"
127.0.0.1 - - [12/Jun/2019:21:33:45 -0300] "POST /api/users HTTP/1.1" 200 353 "-" "PostmanRuntime/7.13.0"
127.0.0.1 - - [12/Jun/2019:21:33:53 -0300] "POST /api/users HTTP/1.1" 200 423 "-" "PostmanRuntime/7.13.0"
127.0.0.1 - - [12/Jun/2019:21:34:11 -0300] "POST /api/users HTTP/1.1" 200 432 "-" "PostmanRuntime/7.13.0"
127.0.0.1 - - [12/Jun/2019:21:34:28 -0300] "POST /api/users HTTP/1.1" 200 432 "-" "PostmanRuntime/7.13.0"
127.0.0.1 - - [12/Jun/2019:21:34:50 -0300] "POST /api/users HTTP/1.1" 200 413 "-" "PostmanRuntime/7.13.0"
127.0.0.1 - - [12/Jun/2019:21:34:59 -0300] "POST /api/users HTTP/1.1" 200 401 "-" "PostmanRuntime/7.13.0"
127.0.0.1 - - [12/Jun/2019:21:35:12 -0300] "POST /api/users HTTP/1.1" 200 401 "-" "PostmanRuntime/7.13.0"
127.0.0.1 - - [12/Jun/2019:21:35:19 -0300] "POST /api/users HTTP/1.1" 200 413 "-" "PostmanRuntime/7.13.0"
127.0.0.1 - - [12/Jun/2019:21:35:26 -0300] "POST /api/users HTTP/1.1" 200 332 "-" "PostmanRuntime/7.13.0"
127.0.0.1 - - [12/Jun/2019:21:35:31 -0300] "POST /api/users HTTP/1.1" 200 268 "-" "PostmanRuntime/7.13.0"
127.0.0.1 - - [12/Jun/2019:21:35:57 -0300] "POST /api/users HTTP/1.1" 200 249 "-" "PostmanRuntime/7.13.0"
127.0.0.1 - - [12/Jun/2019:21:36:19 -0300] "POST /api/users HTTP/1.1" 500 185 "-" "PostmanRuntime/7.13.0"
127.0.0.1 - - [12/Jun/2019:21:36:33 -0300] "POST /api/users HTTP/1.1" 500 185 "-" "PostmanRuntime/7.13.0"
127.0.0.1 - - [12/Jun/2019:21:36:34 -0300] "POST /api/users HTTP/1.1" 500 185 "-" "PostmanRuntime/7.13.0"
127.0.0.1 - - [12/Jun/2019:21:36:42 -0300] "POST /api/users HTTP/1.1" 200 249 "-" "PostmanRuntime/7.13.0"
127.0.0.1 - - [12/Jun/2019:21:36:45 -0300] "POST /api/users HTTP/1.1" 200 248 "-" "PostmanRuntime/7.13.0"
127.0.0.1 - - [12/Jun/2019:21:36:46 -0300] "POST /api/users HTTP/1.1" 200 248 "-" "PostmanRuntime/7.13.0"
127.0.0.1 - - [12/Jun/2019:21:36:49 -0300] "POST /api/users HTTP/1.1" 200 248 "-" "PostmanRuntime/7.13.0"
127.0.0.1 - - [12/Jun/2019:21:36:50 -0300] "POST /api/users HTTP/1.1" 200 248 "-" "PostmanRuntime/7.13.0"
127.0.0.1 - - [12/Jun/2019:21:37:00 -0300] "POST /api/users HTTP/1.1" 200 249 "-" "PostmanRuntime/7.13.0"
127.0.0.1 - - [12/Jun/2019:21:37:03 -0300] "POST /api/users HTTP/1.1" 200 248 "-" "PostmanRuntime/7.13.0"
127.0.0.1 - - [12/Jun/2019:21:37:09 -0300] "POST /api/users HTTP/1.1" 200 249 "-" "PostmanRuntime/7.13.0"
127.0.0.1 - - [12/Jun/2019:21:37:23 -0300] "POST /api/users HTTP/1.1" 200 265 "-" "PostmanRuntime/7.13.0"
127.0.0.1 - - [12/Jun/2019:21:37:40 -0300] "POST /api/users HTTP/1.1" 200 265 "-" "PostmanRuntime/7.13.0"
127.0.0.1 - - [12/Jun/2019:21:38:00 -0300] "POST /api/users HTTP/1.1" 200 265 "-" "PostmanRuntime/7.13.0"
127.0.0.1 - - [12/Jun/2019:21:38:12 -0300] "POST /api/users HTTP/1.1" 200 265 "-" "PostmanRuntime/7.13.0"
127.0.0.1 - - [12/Jun/2019:21:38:19 -0300] "POST /api/users HTTP/1.1" 200 267 "-" "PostmanRuntime/7.13.0"
127.0.0.1 - - [12/Jun/2019:21:38:30 -0300] "POST /api/users HTTP/1.1" 200 264 "-" "PostmanRuntime/7.13.0"
127.0.0.1 - - [12/Jun/2019:21:38:42 -0300] "POST /api/users HTTP/1.1" 500 211 "-" "PostmanRuntime/7.13.0"
127.0.0.1 - - [12/Jun/2019:21:38:45 -0300] "POST /api/users HTTP/1.1" 500 211 "-" "PostmanRuntime/7.13.0"
127.0.0.1 - - [12/Jun/2019:21:40:58 -0300] "POST /api/users HTTP/1.1" 500 211 "-" "PostmanRuntime/7.13.0"
127.0.0.1 - - [12/Jun/2019:21:41:02 -0300] "POST /api/users HTTP/1.1" 500 211 "-" "PostmanRuntime/7.13.0"
127.0.0.1 - - [12/Jun/2019:21:41:07 -0300] "POST /api/users HTTP/1.1" 500 211 "-" "PostmanRuntime/7.13.0"
127.0.0.1 - - [12/Jun/2019:21:41:25 -0300] "POST /api/users HTTP/1.1" 500 211 "-" "PostmanRuntime/7.13.0"
127.0.0.1 - - [12/Jun/2019:21:41:33 -0300] "POST /api/users HTTP/1.1" 500 236 "-" "PostmanRuntime/7.13.0"
127.0.0.1 - - [12/Jun/2019:21:41:39 -0300] "POST /api/users HTTP/1.1" 500 297 "-" "PostmanRuntime/7.13.0"
127.0.0.1 - - [12/Jun/2019:21:41:47 -0300] "POST /api/users HTTP/1.1" 500 297 "-" "PostmanRuntime/7.13.0"
127.0.0.1 - - [12/Jun/2019:21:42:10 -0300] "POST /api/users HTTP/1.1" 200 381 "-" "PostmanRuntime/7.13.0"
127.0.0.1 - - [12/Jun/2019:21:42:20 -0300] "POST /api/users HTTP/1.1" 200 330 "-" "PostmanRuntime/7.13.0"
127.0.0.1 - - [12/Jun/2019:21:42:25 -0300] "POST /api/users HTTP/1.1" 200 381 "-" "PostmanRuntime/7.13.0"
127.0.0.1 - - [12/Jun/2019:21:42:29 -0300] "POST /api/users HTTP/1.1" 200 329 "-" "PostmanRuntime/7.13.0"
127.0.0.1 - - [12/Jun/2019:21:43:40 -0300] "POST /api/users HTTP/1.1" 200 330 "-" "PostmanRuntime/7.13.0"
127.0.0.1 - - [12/Jun/2019:21:43:55 -0300] "POST /api/users HTTP/1.1" 200 249 "-" "PostmanRuntime/7.13.0"
127.0.0.1 - - [12/Jun/2019:21:43:58 -0300] "POST /api/users HTTP/1.1" 200 329 "-" "PostmanRuntime/7.13.0"
127.0.0.1 - - [12/Jun/2019:21:44:22 -0300] "POST /api/users HTTP/1.1" 500 321 "-" "PostmanRuntime/7.13.0"
127.0.0.1 - - [12/Jun/2019:21:44:57 -0300] "POST /api/users HTTP/1.1" 200 330 "-" "PostmanRuntime/7.13.0"
127.0.0.1 - - [12/Jun/2019:21:45:13 -0300] "POST /api/users HTTP/1.1" 200 330 "-" "PostmanRuntime/7.13.0"
127.0.0.1 - - [12/Jun/2019:21:45:32 -0300] "POST /api/users HTTP/1.1" 200 330 "-" "PostmanRuntime/7.13.0"
127.0.0.1 - - [12/Jun/2019:21:45:55 -0300] "POST /api/users HTTP/1.1" 200 330 "-" "PostmanRuntime/7.13.0"
127.0.0.1 - - [12/Jun/2019:21:46:00 -0300] "POST /api/users HTTP/1.1" 200 239 "-" "PostmanRuntime/7.13.0"
127.0.0.1 - - [12/Jun/2019:21:46:23 -0300] "POST /api/users HTTP/1.1" 200 239 "-" "PostmanRuntime/7.13.0"
127.0.0.1 - - [12/Jun/2019:21:46:41 -0300] "POST /api/users HTTP/1.1" 500 221 "-" "PostmanRuntime/7.13.0"
::1 - - [12/Jun/2019:21:54:28 -0300] "GET /api/users HTTP/1.1" 200 387 "-" "Mozilla/5.0 (X11; Linux x86_64) AppleWebKit/537.36 (KHTML, like Gecko) Chrome/75.0.3770.80 Safari/537.36"
::1 - - [12/Jun/2019:21:54:28 -0300] "GET /favicon.ico HTTP/1.1" 200 426 "http://localhost/api/users" "Mozilla/5.0 (X11; Linux x86_64) AppleWebKit/537.36 (KHTML, like Gecko) Chrome/75.0.3770.80 Safari/537.36"
127.0.0.1 - - [12/Jun/2019:21:54:38 -0300] "POST /api/users HTTP/1.1" 200 239 "-" "PostmanRuntime/7.13.0"
127.0.0.1 - - [12/Jun/2019:21:54:39 -0300] "POST /api/users HTTP/1.1" 200 238 "-" "PostmanRuntime/7.13.0"
127.0.0.1 - - [12/Jun/2019:21:54:40 -0300] "POST /api/users HTTP/1.1" 200 238 "-" "PostmanRuntime/7.13.0"
127.0.0.1 - - [12/Jun/2019:21:54:44 -0300] "POST /api/users HTTP/1.1" 200 238 "-" "PostmanRuntime/7.13.0"
127.0.0.1 - - [12/Jun/2019:21:54:45 -0300] "POST /api/users HTTP/1.1" 200 238 "-" "PostmanRuntime/7.13.0"
::1 - - [12/Jun/2019:21:55:19 -0300] "-" 408 0 "-" "-"
127.0.0.1 - - [12/Jun/2019:21:55:30 -0300] "POST /api/users HTTP/1.1" 200 257 "-" "PostmanRuntime/7.13.0"
127.0.0.1 - - [12/Jun/2019:21:55:49 -0300] "POST /api/users HTTP/1.1" 200 239 "-" "PostmanRuntime/7.13.0"
127.0.0.1 - - [12/Jun/2019:21:56:46 -0300] "POST /api/users HTTP/1.1" 200 239 "-" "PostmanRuntime/7.13.0"
127.0.0.1 - - [12/Jun/2019:21:58:06 -0300] "POST /api/users HTTP/1.1" 200 239 "-" "PostmanRuntime/7.13.0"
127.0.0.1 - - [12/Jun/2019:21:58:57 -0300] "POST /api/users HTTP/1.1" 200 518 "-" "PostmanRuntime/7.13.0"
127.0.0.1 - - [12/Jun/2019:22:00:56 -0300] "POST /api/users HTTP/1.1" 200 439 "-" "PostmanRuntime/7.13.0"
127.0.0.1 - - [12/Jun/2019:22:04:15 -0300] "POST /api/users HTTP/1.1" 200 443 "-" "PostmanRuntime/7.13.0"
127.0.0.1 - - [12/Jun/2019:22:04:17 -0300] "POST /api/users HTTP/1.1" 200 438 "-" "PostmanRuntime/7.13.0"
127.0.0.1 - - [12/Jun/2019:22:05:18 -0300] "POST /api/users HTTP/1.1" 200 730 "-" "PostmanRuntime/7.13.0"
127.0.0.1 - - [12/Jun/2019:22:05:24 -0300] "POST /api/users HTTP/1.1" 200 227 "-" "PostmanRuntime/7.13.0"
127.0.0.1 - - [12/Jun/2019:22:05:25 -0300] "POST /api/users HTTP/1.1" 200 226 "-" "PostmanRuntime/7.13.0"
127.0.0.1 - - [12/Jun/2019:22:06:26 -0300] "POST /api/users HTTP/1.1" 200 408 "-" "PostmanRuntime/7.13.0"
127.0.0.1 - - [12/Jun/2019:22:06:37 -0300] "POST /api/users HTTP/1.1" 200 408 "-" "PostmanRuntime/7.13.0"
127.0.0.1 - - [12/Jun/2019:22:06:47 -0300] "POST /api/users HTTP/1.1" 200 203 "-" "PostmanRuntime/7.13.0"
127.0.0.1 - - [12/Jun/2019:22:07:18 -0300] "POST /api/users HTTP/1.1" 200 203 "-" "PostmanRuntime/7.13.0"
127.0.0.1 - - [12/Jun/2019:22:07:24 -0300] "POST /api/users HTTP/1.1" 200 203 "-" "PostmanRuntime/7.13.0"
127.0.0.1 - - [12/Jun/2019:22:07:32 -0300] "POST /api/users HTTP/1.1" 200 456 "-" "PostmanRuntime/7.13.0"
127.0.0.1 - - [12/Jun/2019:22:07:47 -0300] "POST /api/users HTTP/1.1" 200 687 "-" "PostmanRuntime/7.13.0"
127.0.0.1 - - [12/Jun/2019:22:08:38 -0300] "POST /api/users HTTP/1.1" 200 599 "-" "PostmanRuntime/7.13.0"
127.0.0.1 - - [12/Jun/2019:22:09:13 -0300] "POST /api/users HTTP/1.1" 200 254 "-" "PostmanRuntime/7.13.0"
127.0.0.1 - - [12/Jun/2019:22:09:15 -0300] "POST /api/users HTTP/1.1" 200 253 "-" "PostmanRuntime/7.13.0"
127.0.0.1 - - [12/Jun/2019:22:10:04 -0300] "POST /api/users HTTP/1.1" 200 246 "-" "PostmanRuntime/7.13.0"
127.0.0.1 - - [12/Jun/2019:22:10:40 -0300] "POST /api/users HTTP/1.1" 200 755 "-" "PostmanRuntime/7.13.0"
127.0.0.1 - - [12/Jun/2019:22:10:58 -0300] "POST /api/users HTTP/1.1" 200 197 "-" "PostmanRuntime/7.13.0"
127.0.0.1 - - [12/Jun/2019:22:11:02 -0300] "POST /api/users HTTP/1.1" 200 196 "-" "PostmanRuntime/7.13.0"
127.0.0.1 - - [12/Jun/2019:22:11:03 -0300] "POST /api/users HTTP/1.1" 200 196 "-" "PostmanRuntime/7.13.0"
127.0.0.1 - - [12/Jun/2019:22:11:11 -0300] "POST /api/users HTTP/1.1" 200 394 "-" "PostmanRuntime/7.13.0"
127.0.0.1 - - [12/Jun/2019:22:11:22 -0300] "POST /api/users HTTP/1.1" 200 245 "-" "PostmanRuntime/7.13.0"
127.0.0.1 - - [12/Jun/2019:22:11:23 -0300] "POST /api/users HTTP/1.1" 200 244 "-" "PostmanRuntime/7.13.0"
127.0.0.1 - - [12/Jun/2019:22:11:29 -0300] "POST /api/users HTTP/1.1" 200 404 "-" "PostmanRuntime/7.13.0"
127.0.0.1 - - [12/Jun/2019:22:12:17 -0300] "POST /api/users HTTP/1.1" 200 451 "-" "PostmanRuntime/7.13.0"
127.0.0.1 - - [12/Jun/2019:22:12:29 -0300] "POST /api/users HTTP/1.1" 200 202 "-" "PostmanRuntime/7.13.0"
127.0.0.1 - - [12/Jun/2019:22:12:31 -0300] "POST /api/users HTTP/1.1" 200 201 "-" "PostmanRuntime/7.13.0"
127.0.0.1 - - [12/Jun/2019:22:12:39 -0300] "POST /api/users HTTP/1.1" 200 211 "-" "PostmanRuntime/7.13.0"
127.0.0.1 - - [12/Jun/2019:22:12:54 -0300] "POST /api/users HTTP/1.1" 200 1204 "-" "PostmanRuntime/7.13.0"
127.0.0.1 - - [12/Jun/2019:22:13:07 -0300] "POST /api/users HTTP/1.1" 200 647 "-" "PostmanRuntime/7.13.0"
127.0.0.1 - - [12/Jun/2019:22:13:11 -0300] "POST /api/users HTTP/1.1" 200 210 "-" "PostmanRuntime/7.13.0"
127.0.0.1 - - [12/Jun/2019:22:18:04 -0300] "POST /api/users HTTP/1.1" 200 216 "-" "PostmanRuntime/7.13.0"
127.0.0.1 - - [12/Jun/2019:22:18:10 -0300] "POST /api/users HTTP/1.1" 200 221 "-" "PostmanRuntime/7.13.0"
127.0.0.1 - - [12/Jun/2019:22:18:12 -0300] "POST /api/users HTTP/1.1" 200 220 "-" "PostmanRuntime/7.13.0"
127.0.0.1 - - [12/Jun/2019:22:18:14 -0300] "POST /api/users HTTP/1.1" 200 220 "-" "PostmanRuntime/7.13.0"
127.0.0.1 - - [12/Jun/2019:22:18:15 -0300] "POST /api/users HTTP/1.1" 200 220 "-" "PostmanRuntime/7.13.0"
127.0.0.1 - - [12/Jun/2019:22:18:15 -0300] "POST /api/users HTTP/1.1" 200 220 "-" "PostmanRuntime/7.13.0"
127.0.0.1 - - [12/Jun/2019:22:18:16 -0300] "POST /api/users HTTP/1.1" 200 220 "-" "PostmanRuntime/7.13.0"
127.0.0.1 - - [12/Jun/2019:22:18:31 -0300] "POST /api/users HTTP/1.1" 200 1864 "-" "PostmanRuntime/7.13.0"
127.0.0.1 - - [12/Jun/2019:22:18:42 -0300] "POST /api/users HTTP/1.1" 200 253 "-" "PostmanRuntime/7.13.0"
127.0.0.1 - - [12/Jun/2019:22:19:15 -0300] "POST /api/users HTTP/1.1" 200 231 "-" "PostmanRuntime/7.13.0"
127.0.0.1 - - [12/Jun/2019:22:19:23 -0300] "POST /api/users HTTP/1.1" 200 231 "-" "PostmanRuntime/7.13.0"
127.0.0.1 - - [12/Jun/2019:22:19:30 -0300] "POST /api/users HTTP/1.1" 200 231 "-" "PostmanRuntime/7.13.0"
127.0.0.1 - - [12/Jun/2019:22:19:33 -0300] "POST /api/users HTTP/1.1" 200 251 "-" "PostmanRuntime/7.13.0"
127.0.0.1 - - [12/Jun/2019:22:19:44 -0300] "POST /api/users HTTP/1.1" 200 260 "-" "PostmanRuntime/7.13.0"
127.0.0.1 - - [12/Jun/2019:22:19:52 -0300] "POST /api/users HTTP/1.1" 200 239 "-" "PostmanRuntime/7.13.0"
127.0.0.1 - - [12/Jun/2019:22:20:30 -0300] "POST /api/users HTTP/1.1" 200 646 "-" "PostmanRuntime/7.13.0"
127.0.0.1 - - [12/Jun/2019:22:21:08 -0300] "POST /api/users HTTP/1.1" 200 356 "-" "PostmanRuntime/7.13.0"
127.0.0.1 - - [12/Jun/2019:22:21:17 -0300] "POST /api/users HTTP/1.1" 200 362 "-" "PostmanRuntime/7.13.0"
127.0.0.1 - - [12/Jun/2019:22:21:36 -0300] "POST /api/users HTTP/1.1" 200 648 "-" "PostmanRuntime/7.13.0"
127.0.0.1 - - [12/Jun/2019:22:22:24 -0300] "POST /api/users HTTP/1.1" 200 648 "-" "PostmanRuntime/7.13.0"
127.0.0.1 - - [12/Jun/2019:22:22:49 -0300] "POST /api/users HTTP/1.1" 200 676 "-" "PostmanRuntime/7.13.0"
127.0.0.1 - - [12/Jun/2019:22:23:07 -0300] "POST /api/users HTTP/1.1" 200 694 "-" "PostmanRuntime/7.13.0"
127.0.0.1 - - [12/Jun/2019:22:23:17 -0300] "POST /api/users HTTP/1.1" 200 655 "-" "PostmanRuntime/7.13.0"
127.0.0.1 - - [12/Jun/2019:22:23:56 -0300] "POST /api/users HTTP/1.1" 200 1580 "-" "PostmanRuntime/7.13.0"
127.0.0.1 - - [12/Jun/2019:22:24:43 -0300] "POST /api/users HTTP/1.1" 200 713 "-" "PostmanRuntime/7.13.0"
127.0.0.1 - - [12/Jun/2019:22:25:53 -0300] "POST /api/users HTTP/1.1" 200 652 "-" "PostmanRuntime/7.13.0"
127.0.0.1 - - [12/Jun/2019:22:26:08 -0300] "POST /api/users HTTP/1.1" 200 651 "-" "PostmanRuntime/7.13.0"
127.0.0.1 - - [12/Jun/2019:22:26:16 -0300] "POST /api/users HTTP/1.1" 200 651 "-" "PostmanRuntime/7.13.0"
127.0.0.1 - - [12/Jun/2019:22:26:40 -0300] "POST /api/users HTTP/1.1" 200 2151 "-" "PostmanRuntime/7.13.0"
127.0.0.1 - - [12/Jun/2019:22:27:01 -0300] "POST /api/users HTTP/1.1" 200 651 "-" "PostmanRuntime/7.13.0"
127.0.0.1 - - [12/Jun/2019:22:27:44 -0300] "POST /api/users HTTP/1.1" 200 2147 "-" "PostmanRuntime/7.13.0"
127.0.0.1 - - [12/Jun/2019:22:27:56 -0300] "POST /api/users HTTP/1.1" 200 2126 "-" "PostmanRuntime/7.13.0"
127.0.0.1 - - [12/Jun/2019:22:28:04 -0300] "POST /api/users HTTP/1.1" 200 764 "-" "PostmanRuntime/7.13.0"
127.0.0.1 - - [12/Jun/2019:22:28:42 -0300] "POST /api/users HTTP/1.1" 200 760 "-" "PostmanRuntime/7.13.0"
127.0.0.1 - - [12/Jun/2019:22:29:15 -0300] "POST /api/users HTTP/1.1" 200 760 "-" "PostmanRuntime/7.13.0"
127.0.0.1 - - [12/Jun/2019:22:29:32 -0300] "POST /api/users HTTP/1.1" 200 727 "-" "PostmanRuntime/7.13.0"
127.0.0.1 - - [12/Jun/2019:22:29:49 -0300] "POST /api/users HTTP/1.1" 200 766 "-" "PostmanRuntime/7.13.0"
127.0.0.1 - - [12/Jun/2019:22:30:27 -0300] "POST /api/users HTTP/1.1" 200 1732 "-" "PostmanRuntime/7.13.0"
127.0.0.1 - - [12/Jun/2019:22:31:00 -0300] "POST /api/users HTTP/1.1" 200 627 "-" "PostmanRuntime/7.13.0"
127.0.0.1 - - [12/Jun/2019:22:31:09 -0300] "POST /api/users HTTP/1.1" 200 656 "-" "PostmanRuntime/7.13.0"
127.0.0.1 - - [12/Jun/2019:22:31:41 -0300] "POST /api/users HTTP/1.1" 200 653 "-" "PostmanRuntime/7.13.0"
127.0.0.1 - - [12/Jun/2019:22:32:07 -0300] "POST /api/users HTTP/1.1" 200 538 "-" "PostmanRuntime/7.13.0"
127.0.0.1 - - [12/Jun/2019:22:32:25 -0300] "POST /api/users HTTP/1.1" 200 434 "-" "PostmanRuntime/7.13.0"
127.0.0.1 - - [12/Jun/2019:22:33:19 -0300] "POST /api/users HTTP/1.1" 200 219 "-" "PostmanRuntime/7.13.0"
127.0.0.1 - - [12/Jun/2019:22:33:30 -0300] "POST /api/users HTTP/1.1" 200 205 "-" "PostmanRuntime/7.13.0"
127.0.0.1 - - [12/Jun/2019:22:33:42 -0300] "POST /api/users HTTP/1.1" 200 207 "-" "PostmanRuntime/7.13.0"
127.0.0.1 - - [12/Jun/2019:22:34:01 -0300] "POST /api/users HTTP/1.1" 200 416 "-" "PostmanRuntime/7.13.0"
127.0.0.1 - - [12/Jun/2019:22:34:14 -0300] "POST /api/users HTTP/1.1" 200 455 "-" "PostmanRuntime/7.13.0"
127.0.0.1 - - [12/Jun/2019:22:34:25 -0300] "POST /api/users HTTP/1.1" 200 437 "-" "PostmanRuntime/7.13.0"
127.0.0.1 - - [12/Jun/2019:22:34:31 -0300] "POST /api/users HTTP/1.1" 200 210 "-" "PostmanRuntime/7.13.0"
127.0.0.1 - - [12/Jun/2019:22:34:37 -0300] "POST /api/users HTTP/1.1" 200 221 "-" "PostmanRuntime/7.13.0"
127.0.0.1 - - [12/Jun/2019:22:34:47 -0300] "POST /api/users HTTP/1.1" 200 219 "-" "PostmanRuntime/7.13.0"
127.0.0.1 - - [12/Jun/2019:22:35:02 -0300] "POST /api/users HTTP/1.1" 200 461 "-" "PostmanRuntime/7.13.0"
127.0.0.1 - - [12/Jun/2019:22:35:20 -0300] "POST /api/users HTTP/1.1" 200 426 "-" "PostmanRuntime/7.13.0"
127.0.0.1 - - [12/Jun/2019:22:35:26 -0300] "POST /api/users HTTP/1.1" 200 426 "-" "PostmanRuntime/7.13.0"
127.0.0.1 - - [12/Jun/2019:22:35:33 -0300] "POST /api/users HTTP/1.1" 200 365 "-" "PostmanRuntime/7.13.0"
127.0.0.1 - - [12/Jun/2019:22:35:44 -0300] "POST /api/users HTTP/1.1" 200 324 "-" "PostmanRuntime/7.13.0"
127.0.0.1 - - [12/Jun/2019:22:36:04 -0300] "POST /api/async HTTP/1.1" 200 763 "-" "PostmanRuntime/7.13.0"
127.0.0.1 - - [12/Jun/2019:22:36:35 -0300] "POST /api/users HTTP/1.1" 200 324 "-" "PostmanRuntime/7.13.0"
127.0.0.1 - - [12/Jun/2019:22:37:02 -0300] "POST /api/async HTTP/1.1" 200 778 "-" "PostmanRuntime/7.13.0"
127.0.0.1 - - [12/Jun/2019:22:37:14 -0300] "POST /api/users HTTP/1.1" 200 324 "-" "PostmanRuntime/7.13.0"
127.0.0.1 - - [12/Jun/2019:22:40:11 -0300] "POST /api/async HTTP/1.1" 200 778 "-" "PostmanRuntime/7.13.0"
127.0.0.1 - - [12/Jun/2019:22:40:16 -0300] "POST /api/async HTTP/1.1" 200 778 "-" "PostmanRuntime/7.13.0"
127.0.0.1 - - [12/Jun/2019:22:40:24 -0300] "POST /api/async HTTP/1.1" 200 778 "-" "PostmanRuntime/7.13.0"
127.0.0.1 - - [12/Jun/2019:22:40:53 -0300] "POST /api/async] HTTP/1.1" 200 415 "-" "PostmanRuntime/7.13.0"
127.0.0.1 - - [12/Jun/2019:22:40:57 -0300] "POST /api/async HTTP/1.1" 200 777 "-" "PostmanRuntime/7.13.0"
127.0.0.1 - - [12/Jun/2019:22:44:05 -0300] "POST /api/async HTTP/1.1" 200 830 "-" "PostmanRuntime/7.13.0"
127.0.0.1 - - [12/Jun/2019:22:44:28 -0300] "POST /api/async HTTP/1.1" 200 779 "-" "PostmanRuntime/7.13.0"
127.0.0.1 - - [12/Jun/2019:22:44:42 -0300] "POST /api/async HTTP/1.1" 200 779 "-" "PostmanRuntime/7.13.0"
127.0.0.1 - - [12/Jun/2019:22:45:11 -0300] "POST /api/async HTTP/1.1" 200 499 "-" "PostmanRuntime/7.13.0"
127.0.0.1 - - [12/Jun/2019:22:45:34 -0300] "POST /api/async HTTP/1.1" 200 489 "-" "PostmanRuntime/7.13.0"
127.0.0.1 - - [12/Jun/2019:22:46:44 -0300] "POST /api/async HTTP/1.1" 200 520 "-" "PostmanRuntime/7.13.0"
127.0.0.1 - - [12/Jun/2019:22:47:23 -0300] "POST /api/async HTTP/1.1" 200 462 "-" "PostmanRuntime/7.13.0"
127.0.0.1 - - [12/Jun/2019:22:48:17 -0300] "POST /api/async HTTP/1.1" 200 258 "-" "PostmanRuntime/7.13.0"
127.0.0.1 - - [12/Jun/2019:22:48:31 -0300] "POST /api/async HTTP/1.1" 200 746 "-" "PostmanRuntime/7.13.0"
127.0.0.1 - - [12/Jun/2019:22:48:45 -0300] "POST /api/async HTTP/1.1" 200 748 "-" "PostmanRuntime/7.13.0"
127.0.0.1 - - [12/Jun/2019:22:48:49 -0300] "POST /api/async HTTP/1.1" 200 745 "-" "PostmanRuntime/7.13.0"
127.0.0.1 - - [12/Jun/2019:22:49:13 -0300] "POST /api/async HTTP/1.1" 200 985 "-" "PostmanRuntime/7.13.0"
127.0.0.1 - - [12/Jun/2019:22:49:27 -0300] "POST /api/async HTTP/1.1" 200 345 "-" "PostmanRuntime/7.13.0"
127.0.0.1 - - [12/Jun/2019:22:49:52 -0300] "POST /api/async HTTP/1.1" 200 345 "-" "PostmanRuntime/7.13.0"
127.0.0.1 - - [12/Jun/2019:22:50:04 -0300] "POST /api/async HTTP/1.1" 200 632 "-" "PostmanRuntime/7.13.0"
127.0.0.1 - - [12/Jun/2019:22:50:18 -0300] "POST /api/async HTTP/1.1" 200 345 "-" "PostmanRuntime/7.13.0"
127.0.0.1 - - [12/Jun/2019:22:50:38 -0300] "POST /api/async HTTP/1.1" 200 428 "-" "PostmanRuntime/7.13.0"
127.0.0.1 - - [12/Jun/2019:22:50:45 -0300] "POST /api/async HTTP/1.1" 200 345 "-" "PostmanRuntime/7.13.0"
127.0.0.1 - - [12/Jun/2019:22:50:49 -0300] "POST /api/async HTTP/1.1" 200 344 "-" "PostmanRuntime/7.13.0"
127.0.0.1 - - [12/Jun/2019:22:51:42 -0300] "POST /api/async HTTP/1.1" 200 345 "-" "PostmanRuntime/7.13.0"
127.0.0.1 - - [12/Jun/2019:22:51:48 -0300] "POST /api/async HTTP/1.1" 200 345 "-" "PostmanRuntime/7.13.0"
127.0.0.1 - - [12/Jun/2019:22:53:27 -0300] "POST /api/async HTTP/1.1" 200 345 "-" "PostmanRuntime/7.13.0"
127.0.0.1 - - [12/Jun/2019:22:53:29 -0300] "POST /api/async HTTP/1.1" 200 344 "-" "PostmanRuntime/7.13.0"
127.0.0.1 - - [12/Jun/2019:22:53:31 -0300] "POST /api/async HTTP/1.1" 200 344 "-" "PostmanRuntime/7.13.0"
127.0.0.1 - - [12/Jun/2019:22:53:52 -0300] "POST /api/async HTTP/1.1" 200 345 "-" "PostmanRuntime/7.13.0"
127.0.0.1 - - [12/Jun/2019:22:53:59 -0300] "POST /api/async HTTP/1.1" 200 362 "-" "PostmanRuntime/7.13.0"
127.0.0.1 - - [12/Jun/2019:22:54:02 -0300] "POST /api/async HTTP/1.1" 200 344 "-" "PostmanRuntime/7.13.0"
127.0.0.1 - - [12/Jun/2019:22:54:13 -0300] "POST /api/async HTTP/1.1" 200 345 "-" "PostmanRuntime/7.13.0"
127.0.0.1 - - [12/Jun/2019:22:54:16 -0300] "POST /api/async HTTP/1.1" 200 344 "-" "PostmanRuntime/7.13.0"
127.0.0.1 - - [12/Jun/2019:22:54:16 -0300] "POST /api/async HTTP/1.1" 200 344 "-" "PostmanRuntime/7.13.0"
127.0.0.1 - - [12/Jun/2019:22:54:17 -0300] "POST /api/async HTTP/1.1" 200 344 "-" "PostmanRuntime/7.13.0"
127.0.0.1 - - [12/Jun/2019:22:54:24 -0300] "POST /api/async HTTP/1.1" 200 362 "-" "PostmanRuntime/7.13.0"
127.0.0.1 - - [12/Jun/2019:22:54:33 -0300] "POST /api/async HTTP/1.1" 200 362 "-" "PostmanRuntime/7.13.0"
127.0.0.1 - - [12/Jun/2019:22:54:42 -0300] "POST /api/async HTTP/1.1" 200 362 "-" "PostmanRuntime/7.13.0"
127.0.0.1 - - [12/Jun/2019:22:54:45 -0300] "POST /api/async HTTP/1.1" 200 361 "-" "PostmanRuntime/7.13.0"
127.0.0.1 - - [12/Jun/2019:22:55:25 -0300] "POST /api/async HTTP/1.1" 200 203 "-" "PostmanRuntime/7.13.0"
127.0.0.1 - - [12/Jun/2019:22:55:27 -0300] "POST /api/async HTTP/1.1" 200 202 "-" "PostmanRuntime/7.13.0"
127.0.0.1 - - [12/Jun/2019:22:55:55 -0300] "POST /api/async HTTP/1.1" 200 345 "-" "PostmanRuntime/7.13.0"
127.0.0.1 - - [12/Jun/2019:22:55:59 -0300] "POST /api/async HTTP/1.1" 200 202 "-" "PostmanRuntime/7.13.0"
127.0.0.1 - - [12/Jun/2019:22:56:10 -0300] "POST /api/async HTTP/1.1" 200 203 "-" "PostmanRuntime/7.13.0"
127.0.0.1 - - [12/Jun/2019:22:56:14 -0300] "POST /api/async HTTP/1.1" 200 681 "-" "PostmanRuntime/7.13.0"
127.0.0.1 - - [12/Jun/2019:22:56:48 -0300] "POST /api/async] HTTP/1.1" 200 708 "-" "PostmanRuntime/7.13.0"
127.0.0.1 - - [12/Jun/2019:22:56:55 -0300] "POST /api/async] HTTP/1.1" 200 426 "-" "PostmanRuntime/7.13.0"
127.0.0.1 - - [12/Jun/2019:22:56:56 -0300] "POST /api/async HTTP/1.1" 200 254 "-" "PostmanRuntime/7.13.0"
127.0.0.1 - - [12/Jun/2019:22:57:17 -0300] "POST /api/async HTTP/1.1" 200 255 "-" "PostmanRuntime/7.13.0"
127.0.0.1 - - [12/Jun/2019:22:57:38 -0300] "POST /api/async HTTP/1.1" 200 255 "-" "PostmanRuntime/7.13.0"
127.0.0.1 - - [12/Jun/2019:22:57:40 -0300] "POST /api/async HTTP/1.1" 200 254 "-" "PostmanRuntime/7.13.0"
127.0.0.1 - - [12/Jun/2019:22:57:49 -0300] "POST /api/async HTTP/1.1" 200 449 "-" "PostmanRuntime/7.13.0"
127.0.0.1 - - [12/Jun/2019:22:57:53 -0300] "POST /api/async HTTP/1.1" 200 651 "-" "PostmanRuntime/7.13.0"
127.0.0.1 - - [12/Jun/2019:22:58:07 -0300] "POST /api/async HTTP/1.1" 200 240 "-" "PostmanRuntime/7.13.0"
127.0.0.1 - - [12/Jun/2019:22:58:16 -0300] "POST /api/async HTTP/1.1" 200 205 "-" "PostmanRuntime/7.13.0"
127.0.0.1 - - [12/Jun/2019:22:58:21 -0300] "POST /api/async HTTP/1.1" 200 203 "-" "PostmanRuntime/7.13.0"
127.0.0.1 - - [12/Jun/2019:22:59:02 -0300] "POST /api/async HTTP/1.1" 200 345 "-" "PostmanRuntime/7.13.0"
127.0.0.1 - - [12/Jun/2019:22:59:11 -0300] "POST /api/async HTTP/1.1" 200 205 "-" "PostmanRuntime/7.13.0"
127.0.0.1 - - [12/Jun/2019:22:59:19 -0300] "POST /api/async HTTP/1.1" 200 418 "-" "PostmanRuntime/7.13.0"
127.0.0.1 - - [12/Jun/2019:22:59:39 -0300] "POST /api/async HTTP/1.1" 200 203 "-" "PostmanRuntime/7.13.0"
127.0.0.1 - - [12/Jun/2019:22:59:42 -0300] "POST /api/async HTTP/1.1" 200 344 "-" "PostmanRuntime/7.13.0"
127.0.0.1 - - [12/Jun/2019:23:01:53 -0300] "POST /api/async HTTP/1.1" 200 345 "-" "PostmanRuntime/7.13.0"
127.0.0.1 - - [12/Jun/2019:23:02:09 -0300] "POST /api/async HTTP/1.1" 200 345 "-" "PostmanRuntime/7.13.0"
127.0.0.1 - - [12/Jun/2019:23:02:14 -0300] "POST /api/async HTTP/1.1" 200 344 "-" "PostmanRuntime/7.13.0"
127.0.0.1 - - [12/Jun/2019:23:02:23 -0300] "POST /api/async HTTP/1.1" 200 345 "-" "PostmanRuntime/7.13.0"
127.0.0.1 - - [12/Jun/2019:23:03:11 -0300] "POST /api/async HTTP/1.1" 200 345 "-" "PostmanRuntime/7.13.0"
127.0.0.1 - - [12/Jun/2019:23:03:29 -0300] "POST /api/async HTTP/1.1" 200 345 "-" "PostmanRuntime/7.13.0"
127.0.0.1 - - [12/Jun/2019:23:03:43 -0300] "POST /api/async HTTP/1.1" 200 345 "-" "PostmanRuntime/7.13.0"
127.0.0.1 - - [12/Jun/2019:23:03:49 -0300] "POST /api/async HTTP/1.1" 200 345 "-" "PostmanRuntime/7.13.0"
127.0.0.1 - - [12/Jun/2019:23:04:11 -0300] "POST /api/async HTTP/1.1" 200 345 "-" "PostmanRuntime/7.13.0"
127.0.0.1 - - [12/Jun/2019:23:05:42 -0300] "POST /api/async HTTP/1.1" 200 345 "-" "PostmanRuntime/7.13.0"
127.0.0.1 - - [12/Jun/2019:23:05:51 -0300] "POST /api/async HTTP/1.1" 200 345 "-" "PostmanRuntime/7.13.0"
127.0.0.1 - - [12/Jun/2019:23:06:02 -0300] "POST /api/async HTTP/1.1" 200 360 "-" "PostmanRuntime/7.13.0"
127.0.0.1 - - [12/Jun/2019:23:06:58 -0300] "POST /api/async HTTP/1.1" 200 350 "-" "PostmanRuntime/7.13.0"
127.0.0.1 - - [12/Jun/2019:23:07:31 -0300] "POST /api/async HTTP/1.1" 200 711 "-" "PostmanRuntime/7.13.0"
127.0.0.1 - - [12/Jun/2019:23:07:50 -0300] "POST /api/async HTTP/1.1" 200 203 "-" "PostmanRuntime/7.13.0"
127.0.0.1 - - [12/Jun/2019:23:08:02 -0300] "POST /api/async HTTP/1.1" 200 203 "-" "PostmanRuntime/7.13.0"
127.0.0.1 - - [12/Jun/2019:23:08:03 -0300] "POST /api/async HTTP/1.1" 200 202 "-" "PostmanRuntime/7.13.0"
127.0.0.1 - - [12/Jun/2019:23:08:04 -0300] "POST /api/async HTTP/1.1" 200 202 "-" "PostmanRuntime/7.13.0"
127.0.0.1 - - [12/Jun/2019:23:08:20 -0300] "POST /api/async HTTP/1.1" 200 255 "-" "PostmanRuntime/7.13.0"
127.0.0.1 - - [12/Jun/2019:23:08:50 -0300] "POST /api/async HTTP/1.1" 200 247 "-" "PostmanRuntime/7.13.0"
127.0.0.1 - - [12/Jun/2019:23:09:08 -0300] "POST /api/async HTTP/1.1" 200 271 "-" "PostmanRuntime/7.13.0"
127.0.0.1 - - [12/Jun/2019:23:09:13 -0300] "POST /api/async HTTP/1.1" 200 271 "-" "PostmanRuntime/7.13.0"
